'COMMENTARIO PERPETUO ILLUSTRAVITSOPHOCLISturitatem quandam perventuram fuisse, si non pedi-integra fuisset, utique non fecissem ; omninoque itadifficultatibus irretitum sensi iis, quas qui vetera no-Ubi vero operi instaurando manum admovi, illico meque non esse vellem neque talem esse, qualis erat.cidit ut nova posceretur hujus libri editio, quem ne-Insperanti mihi et imparato sed valde optanti ce-PRAEFATIO.statuo, disciplinam grammaticam multo prius ad ma-perfecta, factum est ut nonnunquam longius etiamquam antea a proposito digrederer. Id ego, si resdisputationibus intexta, neque dignarer reponere im-tassem cognitu utilia fortasse sed a re tamen aliena,esque nec resecare sustinerem quippe jam aliorumvis adstruere conantur, haud facile effiugiunt. Namquum avito quodam philologorum more multa adno-verit, non voluntatem sed facultatem nobis defuisseid si quis in operam nostram convenire demonstra-Nihilo secius philologis difficile est saturam non scri-tem qui singulis ejus locis plus minus lucis afferrepossint, has miscellaneas, uti vocant, observationesaut nullo loco aut minus opportuno expromi oporte-bit. Etenim seorsum, ut olim, quominus edantur, ob-tem nulla veteris scriptoris virtute redemtos. Itaquenos quoque in hac scriptione aliquotiesdandis veterum scriptis subservire coacta esset. Quidstant bibliopolarum arbitria, hoc vero est lectorumneque veniam desperamus. Sed quod subjunctus huicVIversus effaturbere. Nam quum nemo sit qui universam artem ae-qualiter pertentatam perceptamque habeat, multi au-confitebimur.τὸ δʹ ἔργον ὡς πάρεργον ἐκπονούμεθατὸ μὲν πάρεργον ἔργον ὥς ποιούμεθαtemporis ne mediocriter quidem elaboratas habeamus,ipsorum fastidia, qui commentariolos nostros acci-piunt tanquam merces coemtionales, aspernantur au-sequae loco habita ac modo interpretandis modo emen-enim causae est, cur plerasque ejus partes adhucnisi quod in transcursu magis quam dedita opera necgeneratim sed disperse in adnotationibus tractatae sunt ?malevolo fecisse criminatur. Injuria quidem. Egobrevitatis causa tum quoque sum usus quum adde-adhibito quodam delecta ; et in referendis Criticorumconjecturis eum tenui modum ut in primo eujusquemutationis auctore aequiescerem omissis subscripto-Sed nostris scilicet erroribus irasci nefas. Diversa-rum auctoritatibus. Sed hoc loco facere non possumquin Bothio me excusem, qui et in commentario suoenim illo tempore, quo primam hujus libri editionemticam sed saxonicam Peniam, quam quidam μουσομή-et multo gravius in Ajacis ab Hermanno editi cen-sura iracundissima conquestus est, quod nonnullasrem paucula demeremve. Pleraque autem ab integrolas in se transscripserim, idque me animo iniquo etelaboravi, contubernalem habui illam non dicam at-suas emendationes in Musgravium, alienas corrupte-τορα perhibent, plerique novercam. Haec igitur mihiEx priore editione quae retenta sunt, ab additi-ciis propria quadam nota distinguenda curavi eaqueretexui ; quo in negotio haud raro accidit ut mihi-met ipse succenserem pergraviter, quum ea a me ad-missa viderem, qua si quis deliquisset alius, fortasseMartino, Elmslejo, Dindorfio aliisque collectis sedcastigassem severius - ὡς κριτικὸς κριτικῷ κοτέει.subsidium afferrent. His subjunxi posteriorum expla-δεινώσει usus est ; nam ab istiusmodi facetiis vel ju-iterata sunt omittere consultius visum, exceptis quaetus, unam plebejam illam et scurrilem, alteram palae-strae decoris motibus adsimilem, quam perpauci cal-venis abhorrui, duas, ut Hesiodus ait, rixas esse ra-VIIIpotius quam cupiditati. Quae autem praeterea dicit dePauwianis conviciis acervatim in se congestis, certeliteris nomen, praetextatae amicitiae causa Lipsiaetransscripsit, transscriptas ad me transmisit ; Bothia-nas ipse ex libro in tempus accepto excerpsi, Ergo,si quid a me turbatum est, id errori imputandumtionem usurpare non licuit sed adnotationes ejus con-discipulus quidam meus, cujus nunc perillustre in hiscum alia denegavit multa, tum libris undique corro-gatis et commodatis uti coegit. Itaque Musgravii edi-Scholia editioni priori adjuncta nunc quia saepiusnatorum sententias potiores, modo huic assensus,modo illi, tum etiam nulli. Nam ab Hermanno quo-que, si quas habui ad contra dicendum rationes,discedere non sum cunctatus ; quod ne quis secus in-aut diversae scripturae indicium aut interpretationislent sed qualis sit, nisi recentia extarent exempla,ex Bentleji Lessingiique scriptis cognosci posset.γον, γήραι, αἴσσω, κηρῦξαι, φῄς non scripserim neque in accentuum inclina-diturus sum quae jam nunc praetermissa video, potissi-vigorem claroremque mihi adaequare videri. Praetereanihil est, de quo lectores meos certiores fieri cupiamHermanni in arte critica perfectionem, in gramma-cos esse quos mihi anteponam, sed eorum nullumqui me adolescente claruerunt philologos, haud pau-*) Paecipiam p. 93. lin. 5. ζῶμα pro σῶμα positum, p. 96. 1. 5. a fin. pol-tionibus priores editores semper sequutus sim, commodiore loco exponam. Din-dorfii sententia, quam impugnavi p. 163. proposita est in editione Weidman-niana A. MDCCCXXX. quam apud nostros bibliopolas diu frustra requisivi,auctorque viri egregii is, quem suspicabar, Photius.phonicis, de nominibus monosyllabis, de asyntaxia ge-volumini, cui destinavi dissertationes de praeceptis eu-prior nuper ad nos allata est. Cetera alteri reservanturnon omisissem nisi viri doctissimi voluntati potius obse-cleo, egregio horum studiorum instrumento, cujus parseditioni, quae priorem ornavit, Seidleri epistolam, quamextrema indicabo pagina, *) quae quod pauca sunt, Fri-utriusque linguae perquam perito. Eodemque loco ad-nisi quod multis ingratum fore praevideo, deesse huicquendum fuisset quam meae. Typothetarum errata inderico Palmio acceptum refero, correctori sollerti etque campos vagabimur. Scripsi Regimontii PrussorumQuo si perventum fuerit, quod brevi futurum spero,nerum, de substantivorum motione, denominatione, pa-raschematismo, aliasque complusculas partim syntacti-cas partim ejus generis, quod in Etymologia tractatur.tum vero liberi solutique adnotationum vinculis per spa-tiosos doctrinae cum philosophia ipsa natae cognatae-nonis aprilibus A. MDCCCXXXV.ΣΟΦΟΚΛΕΟΥΣΑΙΑΣ ΜΑΣΤΙΓΟΦΟΡΟΣ.Τὸ δρᾶμα τῆς τρωϊκῆς ἐστι πραγματείας, ὥςπερ οἱΥΠΟΘΕΣΙΣ.νομένων περὶ τῶν ὅπλων, κρατεῖ Ὀδυσσεὺς, ὅθεν ὁΑἴας, τῆς κρίσεως μὴ τυχὼν, παρακεκίνηται καὶ διέ-φθαρται τὴν γνώμην, ὥστε ἐφαπτόμενος τῶν ποιμνίωνΜέμνων. Πεπτωκότος γὰρ ἐν τῇ μάχῃ τοῦ ἈχιλλέωςἈντηνορίδαι καὶ Αἰχμαλωτίδες καὶ Ἑλένης ἁρπαγὴ καὶἐδόκουν Αἴας τε καὶ Ὀδυσσεὺς ἐπ’ αὐτῷ πλέον τιἀριστεύειν περὶ τὴν τοῦ σώματος κομιδήν· καὶ κρι-τοῦ Λοκροῦ. Δικαίαρχος δὲ Αἴαντος θάνατον ἐπι-σέα, ὃν δήσας ἐμαστίγωσεν, ὅθεν καὶ τῇ ἐπιγραφῇγράφει· ἐν δὲ ταῖς διδασκαλίαις ψιλῶς Αἴας ἀνα-ἐν οἷς ἐστι καὶ κριός τις ἔξοχος, ὃν ᾤετο εἶναι Ὀδυσ-πρόςκειται ὁ Μαστιγοφόρος, ἢ πρὸς ἀντιδιαστολὴνγέγραπται.τῶν τετραπόδων, τὰ δὲ δήσας ἀπάγει ἐπὶ τὴν σκηνὴν,δοκεῖν τοὺς Ἕλληνας διαχρήσασθαι, καὶ τὰ μὲν ἀνεῖλεδιὰ τὴν ἧτταν ἀποθανόντος.εἶτα αὐτοῦ ἄκουε τοῦ κεκρατηκότος· (547.)προκηδομένης τοῦ Ὀδυσσέως, διό φησι·Ἡ σκηνὴ τοῦ δράματος ἐν τῷ ναυστάθμῳ πρὸςτῇ σῇ πρόθυμος εἰς ὁδὸν κυνηγίᾳ.νόσφιν ἀφειστήκει κεχολωμένη εἵνεκα τευχέων.οἴη δ’ Αἴαντος ψυχὴ Τελαμωνιάδαοὡς δὴ μὴ ὄφελον νικᾷν τοιῷδ’ ἐπ’ ἀέθλῳ.καὶ πάλαι φύλαξ ἔβηνΥΠΟΘΕΣΙΣ.θεὶς ἦλθεν εἰς τὰς ναῦς αἱμοῤῥοῶν· οἱ δὲ, ὅτι χρησ-Περὶ δὲ τοῦ θανάτου τοῦ Αἴαντος διαφόρως ἱστο-οὐκ ἐλυσιτέλησεν ἄρα αὐτῷ ἡ νίκη, τοιούτου ἀνδρὸςρήκασιν· οἱ μὲν γάρ φασιν, ὅτι ὑπὸ Πάριδος τρω-ἀποτυχὼν, ἔγνω ἑαυτὸν ἀνελεῖν. Αἱ δὲ τοιαῦται νῖκαιΑἴαντος πάνυ διὰ βραχέων καὶ περιπαθῶς· ( Ὀδυσα.λ. 542.)οὐκ εἰσὶν ἐπωφελεῖς οὐδὲ τοῖς δοκοῦσι νενικηκέναιὅρα γὰρ καὶ παρ’ Ὁμήρῳ τὰ περὶ τῆς ἥττης τοῦὁ Αἴας προςδοκήσας ἐγκρατὴς εἶναι τῶν ὅπλων καὶτῇ σκηνῇ τοῦ Αἴαντος· δαιμονίως δὲ εἰςφέρει προ-λογίζουσαν τὴν Ἀθηνᾶν· ἀπίθανον γὰρ τὸν Αἴανταπροϊόντα εἰπεῖν περὶ τῶν αὐτῷ πεπραγμένων, ὥςπερἐξελέγχοντα ἑαυτόν· οὐδὲ μὴν ἕτερός τις ἠπίστατο τὰτοιαῦτα, ἐν ἀποῤῥήτῳ καὶ νυκτὸς τοῦ Αἴαντος δρά-10ΑΙΑΣ ΜΑΣΤΙΓΟΦΟΡΟΣ.ἔτ’ ἔργον ἐστὶν, ἐννέπειν δ’ ὅτου χάρινὡς εὐμαθές σου, κἂν ἄποπτος ᾖς, ὅμως 15εἴτ’ ἔνδον, εἴτ’ οὐκ ἔνδον· εὖ δέ σ’ ἐκφέρειἔνδον γὰρ ἀνὴρ ἄρτι τυγχάνει κάραΑἴαντος, ἔνθα τάξιν ἐσχάτην ἔχει,πάλαι κυνηγετοῦντα καὶ μετρούμενονἴχνη τὰ κείνου νεοχάραχθ’, ὅπως ἴδῃςσπουδὴν ἔθου τήνδ’, ὡς παρ’ εἰδυίας μάθῃς.Ἀεὶ μὲν, ὦ παῖ Λἀρτίου, δέδορκά σεκαὶ νῦν ἐπὶ σκηναῖς σε ναυτικαῖς ὁρῶφθέγμ’ Ἀθάνας, φιλτάτης ἐμοὶ θεῶν,πεῖράν τιν’ ἐχθρῶν ἁρπάσαι θηρώμενονΑΘΗΝΑ. ΟΔΥΣΣΕΥΣ. ΑΙΑΣ.ΣΟΦΟΚΛΕΟΥΣΑΘΗΝΑ.ΟΔΥΣΣΕΥΣ.καὶ νῦν ἐπέγνως εὖ μ’ ἐπʼ ἀνδρὶ δυςμενεῖχαλκοστόμου κώδωνος ὡς Τυρσηνικῆς.βάσιν κυκλοῦντ’, Αἴαντι τῷ σακεςφόρῳ.κυνὸς Λακαίνης ὥς τις εὔρινος βάσις.καί σ’ οὐδὲν εἴσω τῆς δε παπταίνειν πύληςφώνημ’ ἀκούω καὶ ξυναρπάζω φρενὶ,35 καιρὸν δ’ ἐφήκεις· πάντα γὰρ, τά τ’ οὖν πάρος, τά τ’ εἰςέπειτα, σῇ κυβερνῶμαι χερί.10ἐφθαρμένας γὰρ ἀρτίως εὑρίσκομενλείας ἁπάσας καὶ κατηναρισμέναςτὰ δʼ ἐκπέπληγμαι, κοὐκ ἔχω μαθεῖν ὅτουἔχει περάνας, εἴπερ εἴργασται τάδε.νυκτὸς γὰρ ἡμᾶς τῆςδε πρᾶγος ἄσκοπονκἀγὼ θελοντὴς τῷδ’ ὑπεζύγην πόνῳ.τήνδ’ οὖν ἐκείνῳ πᾶς τις αἰτίαν νέμει.ἐκ χειρὸς, αὐτοῖς ποιμνίων ἐπιστάταις.καὶ μοί τις ὀπτὴρ αὐτὸν εἰςιδὼν μόνοντῇ σῇ πρόθυμος εἰς ὁδὸν κυνηγίᾳ.20κατ’ ἴχνος ᾄσσω· καὶ τὰ μὲν σημαίνομαι,Χόλῳ βαρυνθεὶς τῶν Ἀχιλλείων ὅπλων.πηδῶντα πεδία σὺν νεοῤῥάντῳ ξίφει,φράζει τε κἀδήλωσεν· εὐθέως δ’ ἐγὼΤί δῆτα ποίμναις τήνδ’ ἐπεμπίπτει βάσιν ;Ἦ καὶ, φίλη δέσποινα, πρὸς καιρὸν πονῶ ;ΣΟΦΟΚΛΕΟΥΣOΔΥΣΣΕΥΣ.ΟΔΥΣΣΕΥΣ.ΟΔΥΣΣΕΥΣ.25ΑΘΗΝΑ.ΑΘΗΝΑ.ΑΘΗΝΑ.3040 Καὶ πρὸς τί δυςλόγιστον ὧδ’ ᾖξεν χέρα ;Ὡς ἔστιν ἀνδρὸς τοῦδε τἄργα ταῦτά σοι.Ἔγνων, Ὀδυσσεῦ, καὶ πάλαι φύλαξ ἔβηνκεῖνον γὰρ, οὐδέν’ ἄλλον, ἰχνεύω πάλαι.ἴσμεν γὰρ οὐδὲν τρανὲς ἀλλ’ ἀλώμεθα.Ὦ χαῖρ’, Ἀθάνα, χαῖρε Διογενές τέκνον,Ὦ οὗτος, Αἴας, δεύτερόν σε προςκαλῶ.Ἐγὼ σκοτώσω βλέφαρα καὶ δεδορκότα. 85Σίγα νυν ἑστὼς καὶ μέν’ ὡς κυρεῖς ἔχων.Μένοιμ’ ἄν· ἤθελον δ’ ἂν ἐκτὸς ὢν τυχεῖν.Πῶς, εἴπερ ὀφθαλμοῖς γε τοῖς αὐτοῖς ὁρᾶ;Γένοιτο μέντ’ ἄν πᾶν, θεοῦ τεχνωμένου.Φρονοῦντα γάρ νιν οὐκ ἂν ἐξέστην ὄκνῳ.ΑΙΑΣ ΜΑΣΤΙΓΟΦΟΡΟΣ.ΟΔΥΣΣΕΥΣ.ΑΘΗΝΑ.ΟΔΥΣΣΕΥΣ. ΔΥΣΣΕΥΣ.’Η καὶ πρὸς Ἀτρείδαισιν ᾔχμασας χέρα;ΟΔΥΣΣΕΥΣ.ΑΘΗΝΑ.ΟΔΥΣΣΕΥΣ.ΑΘΗΝΑ.ΑΘΗΝΑ.ΑΘΗΝΑ.ΑΙΑΣ.ΑΙΑΣ.Κόμπος πάρεστι κοὐκ ἀπαρνοῦμαι τὸ μή.τί βαιὸν οὕτως ἐντρέπει τῆς ξυμμάχου; 90Καλῶς ἔλεξας· ἀλλ’ ἐκεῖνό μοι φράσον,ἔβαψας ἔγχος εὖ πρὸς Ἀργείων στρατῷ; 95στέψω λαφύροις τῆςδε τῆς ἄγρας χάριν.’Αλλ’ οὐδὲ νῦν σε μὴ παρόντ’ ἴδῃ πέλας.ὡς εὖ παρέστης· καί σε παγχρύσοις ἐγὼ15120θεοὶ φιλοῦσι καὶ στυγοῦσι τοὺς κακούς.Ἐγὼ μὲν οὐδέν’ οἶδ’· ἐποικτείρω δέ νινοὐδὲν τὸ τούτου μᾶλλον ἢ τοὐμὸν σκοπῶν.εἴδωλ’, ὅσοιπερ ζῶμεν, ἢ κούφην σκιάν.ἢ δρᾷν ἀμείνων εὑρέθη τὰ καίρια ;ὁρῶ γὰρ ἡμᾶς οὐδὲν ὄντας ἄλλο πλὴν 125Ὁρᾷς, Ὀδυσσεῦ, τὴν θεῶν ἰσχὺν, ὅση ;τοιάνδ’ ἀεί μοι ξύμμαχον παρεστάναι.Τοιαῦτα τοίνυν εἰςορῶν, ὑπέρκοποντούτου τίς ἄν σοι τἀνδρὸς ἢ προνούστερος,χρῶ χειρί· φείδου μηδὲν ὧνπερ ἐννοεῖς. 115Χορῶ πρὸς ἔργον· τοῦτό σοι δ’ ἐφίεμαι,Σὺ δ’ οὖν, ἐπειδὴ τέρψις ἥδε σοι τὸ δρᾷν,Χαίρειν, Ἀθάνα, τἄλλ’ ἐγώ σ’ ἐφίεμαι,ΑΙΑΣ ΜΑΣΤΙΓΟΦΟΡΟΣ.ΟΔΥΣΣΕΥΣ.ΑΘΗΝΑ.ΑΘΗΝΑ.ΑΘΗΝΑ.ΑΙΑΣ.κεῖνος δὲ τίσει τήνδε κοὐκ ἄλλην δίκην.ΑΙΑΣ.μηδ’ ὄγκον ἄρῃς μηδέν’, εἴ τινος πλέονἢ χειρὶ βρίθεις ἢ μακροῦ πλούτου βάθει. 130μηδέν ποτ’ εἴπῃς αὐτὸς εἰς θεοὺς ἔπος,ἅπαντα τἀνθρώπεια· τοὺς δὲ σώφροναςὁθούνεκ’ ἄτῃ ξυγκατέζευκται κακῇ,ὡς ἡμέρα κλίνει τε κἀνάγει πάλιν47028κεῖνοι δ’ ἐπεγγελῶσιν ἐκπεφευγότεςἐχθαίρομαι, μισεῖ δέ μ’ Ἑλλήνων στρατός·ἔσφηλεν, ἐμβαλοῦσα λυσσώδη νόσον,καὶ νῦν τί χρὴ δρᾶν; ὅστις ἐμφανῶς θεοῖςβλάπτοι, φύγοι γ’ ἂν χω’ κακὸς τὸν κρείσσονα.γυμνὸν φανέντα τῶν ἀριστείων ἄτερἤδη μ’ ἐπ’ αὐτοῖς χεῖρ’ ἐπεντύνοντ’ ἐμὴνὥστ’ ἐν τοιοῖςδε χεῖρας αἱμάξαι βοτοῖς·ἔχθει δὲ Τροία πᾶσα καὶ πεδία τάδε.445 νῦν δ’ ἡ Διὸς γοργῶπις ἀδάματος θεὰ 450πότερα πρὸς οἴκους, ναυλόχους λιπὼν ἕδρας, 460καὶ δρῶν τι χρηστὸν, εἶτα λοίσθιον θάνω;τοιάδ’, ἀφ’ ἧς γέροντι δηλώσω πατρὶ,μόνους τ’ Ἀτρείδας, πέλαγος Αἰγαῖον περῶ;οὐκ ἔστι τοὖργον τλητόν· ἀλλὰ δῆτ’ ἰὼνμή τοι φύσιν γ’ ἄσπλαγχνος ἐκ κείνου γεγώς.προςθεῖσα κἀναθεῖσα τοῦ γε κατθανεῖν ;πρὸς ἔρυμα Τρώων, ξυμπεσὼν μόνος μόνοιςἀλλ’ ὧδέ γ’ Ἀτρείδας ἂν εὐφράναιμί που.αἰσχρὸν γὰρ ἄνδρα τοῦ μακροῦ χρῄζειν βίου,δίκην κατ’ ἄλλου φωτὸς ὧδ’ ἐψήφισαν.κακοῖσιν ὅστις μηδὲν ἐξαλλάσσεται.οὐκ ἂν πριαίμην οὐδενὸς λόγου βροτὸνὅστις κεναῖσιν ἐλπίσιν θερμαίνεται.Τελαμῶνι; πῶς με τλήσεταί ποτ’ εἰςιδεῖνἀλλ’ ἢ καλῶς ζῇν ἢ καλῶς τεθνηκέναιΣ Ο Φ Ο Κ Λ Ε Ο Υ Σ450 ἐμοῦ μὲν οὐχ ἑκόντος· εἰ δέ τις θεῶν 455455460 ὧν αὐτὸς ἔσχε στέφανον εὐκλείας μέγαν; 465465 οὐκ ἔστι ταῦτα· πεῖρά τις ζητητέα470 τί γὰρ παρ’ ἦμαρ ἡμέρα τέρπειν ἔχει 475475 τὸν εὐγενῆ χρή· πάντ’ ἀκήκοας λόγον 480νῦν δ’ εἰμὶ δούλη· θεοῖς γὰρ ὧδ’ ἔδοξέ που,485 Ὦ δέσποτ’ Αἴας, τῆς ἀναγκαίας τύχης 480ἢν γὰρ θάνῃς σὺ καὶ τελευτήσας ἀφῇς,ξὺν παιδὶ τῷ σῷ δουλίαν ἕξειν τροφήν.λόγοις ἰάπτων, ἴδετε τὴν ὁμευνέτινΑἴαντος, ὃς μέγιστον ἴσχυσε στρατοῦ,γήρᾳ προλείπων· αἴδεσαι δὲ μητέραοἵας λατρείας ἀνθ’ ὅσου ζήλου τρέφει!εὐνῆς τε τῆς σῆς, ἧς συνηλλάχθης ἐμοὶ,ἀλλ’ αἴδεσαι μὲν πατέρα τὸν σὸν ἐν λυγρῷοὐκ ἔστιν οὐδὲν μεῖζον ἀνθρώποις κακόν.505 σοὶ δ’ αἰσχρὰ τἄπη ταῦτα καὶ τῷ σῷ γένει. 500ἐγὼ δ’ ἐλευθέρου μὲν ἐξέφυν πατρὸς,γνώμης κρατῆσαι, τάςδε φροντίδας μεθείς.εἴπερ τινὸς, σθένοντος ἐν πλούτῳ, Φρυγῶνθεοῖς ἀρᾶται ζῶντα πρὸς δόμους μολεῖν.παῦσαι γε μέντοι καὶ δὸς ἀνδράσιν φίλοιςΑἴας, ἔλεξας, ἀλλὰ τῆς σαυτοῦ φρενός.Οὐδεὶς ἐρεῖ ποθ’, ὡς ὑπόβλητον λόγον490 καὶ σῇ μάλιστα χειρί τοιγαροῦν, ἐπεὶ 485495 τῶν σῶν ὑπ’ ἐχθρῶν, χειρίαν ἀφεὶς τινί. 490AΙAΣ MΑΣΤΙΓΟΦΟΡΟΣ.μή μ’ ἀξιώσῃς βάξιν ἀλγεινὴν λαβεῖν500 καί τις πικρὸν πρόςφθεγμα δεσποτῶν ἐρεῖ 495ΤΕΚΜΗΣΣ Α.29πολλῶν ἐτῶν κληροῦχον, ἥ σε πολλάκιςβίᾳ ξυναρπασθεῖσαν Ἀργείων ὕποταύτῃ νόμιζε κἀμὲ τῇ τόθ’ ἡμέρᾳτὸ σὸν λέχος ξυνῆλθον, εὖ φρονῶ τὰ σὰ,καί σ’ ἀντιάζω πρός τ’ ἐφεστίου Διὸς665665 ἡμεῖς δὲ πῶς οὐ γνωσόμεσθα σωφρονεῖν ;ἐγὼ δ’, ἐπίσταμαι γὰρ ἀρτίως ὅτιγαίας ὀρύξας ἔνθα μή τις ὄψεται.τοσαῦθ’ ὑπουργῶν ὠφελεῖν βουλήσομαι,μῆνιν βαρεῖαν ἐξαλεύσωμαι θεᾶς·λύει πεδήσας οὐδ’ ἀεὶ λαβὼν ἔχει.ὅ τ’ ἐχθρὸς ἡμῖν ἐς τοσόνδ’ ἐχθαρτέος,κἀγὼ γὰρ, ὃς τὰ δείν’ ἐκαρτέρουν τότε, 650λειμῶνας, ὡς ἂν λύμαθ’ ἁγνίσας ἐμὰ 655καὶ γὰρ τὰ δεινὰ καὶ τὰ καρτερώταταἀλλ’ αὐτὸ νὺξ Ἅιδης τε σωζόντων κάτω. 660640 πρὸς τῆςδε τῆς γυναικός· οἰκτείρω δέ νινἐχθρῶν ἄδωρα δῶρα κοὐκ ὀνήσιμα.ἄρχοντές εἰσιν, ὥςθ’ ὑπεικτέον· τί μή ;χειμῶνες ἐκχωροῦσιν εὐκάρπῳ θέρει·ὡς καὶ φιλήσων αὖθις· ἔς τε τὸν φίλον 680ἀλλ’ εἶμι πρός τε λουτρὰ καὶ παρακτίουςκρύψω τόδ’ ἔγχος τοὐμὸν, ἔχθιστον βελῶν,ἐγὼ γὰρ ἐξ οὖ χειρὶ τοῦτ’ ἐδεξάμηνοὔπώ τι κεδνὸν ἔσχον Ἀργείων πάρα.ἀλλ’ ἔστ’ ἀληθὴς ἡ βροτῶν παροιμία,τιμαῖς ὑπείκει· τοῦτο μὲν νιφοστιβεῖς 67036δεινῶν τ’ ἄημα πνευμάτων ἐκοίμισεστένοντα πόντον· ἐν δ’ ὁ παγκρατὴς ὕπνος 675χήραν παρ’ ἐχθροῖς, παῖδά τ’ ὀρφανὸν λιπεῖν.τοιγὰρ τὸ λοιπὸν εἰσόμεσθα μὲν θεοῖςΣΟΦΟΚΛΕΟΥΣτῇ λευκοπώλῳ φέγγος ἡμέρᾳ φλέγειν.655 εἴκειν, μαθησόμεσθα δ’ Ἀτρείδας σέβειν.645 μολών τε, χῶρον ἔνθ’ ἂν ἀστιβῆ κίχω,650 παρ’ Ἕκτορος δώρημα δυςμενεστάτου,660 ἐξίσταται δὲ νυκτὸς αἰανῆς κύκλοςβαφῇ σίδηρος ὣς, ἐθηλύνθην στόμα1080 σωτηρίαν ἔχοντα τόνδ’ ἐπίστασο.1085 καὶ μὴ δοκῶμεν, δρῶντες ‘ἂν ἡδώμεθατοιαῦθ’ ἁμαρτάνουσιν ἐν λόγοις ἔπη.ταύτην νόμιζε τὴν πόλιν χρόνῳ ποτὲἐξ οὐρίων δραμοῦσαν εἰς βυθὸν πεσεῖν.οὐκ ἀντιτίσειν αὖθις, ‘ἄν λυπώμεθα.καὶ σοὶ προφωνῶ τόνδε μὴ θάπτειν, ὅπως 1065ὃς μηδὲν ὢν γοναῖσιν εἶθ’ ἁμαρτάνει, 1070ἄγ’ εἴπ’ ἀπ’ ἀρχῆς αὖθις, ἦ σὺ φῂς ἄγειντὸν ἄνδρ’ Ἀχαιοῖς δεῦρο σύμμαχον λαβών;ἔξεστ’ ἀνάσσειν, ὧν ὅδ’ ἡγεῖτ’ οἴκοθεν;οὐδ’ ἔσθ’ ὅπου σοὶ τόνδε κοσμῆσαι πλέον1105 ὕπαρχος ἄλλων δεῦρ’ ἔπλευσας, οὐχ ὅλωνἀλλ’ ἑστάτω μοι καὶ δέος τι καίριον, 1060ἕρπει παραλλὰξ ταῦτα· πρόσθεν οὗτος ἦνοὐκ αὐτὸς ἐξέπλευσεν, ὡς αὑτοῦ κρατῶν; 1075ἀρχῆς ἔκειτο θεσμὸς, ἢ καὶ τῷδε σέ. 1080Οὐκ ἄν ποτ’, ἄνδρες, ἄνδρα θαυμάσαιμ’ ἔτι,Μενέλαε, μὴ γνώμας ὑποστήσας σοφὰς,στρατηγὸς, ὥςτ’ Αἴαντος ἡγεῖσθαί ποτε.ΑΙΑΣ ΜΑΣΤΙΓΟΦΟΡΟΣ.1095 ὅθ’ οἱ δοκοῦντες ·εὐγενεῖς πεφυκέναι,1100 ποῦ σὺ στρατηγεῖς τοῦδε; ποῦ δὲ σοὶ λεῶν551090 μὴ τόνδε θάπτων αὐτὸς εἰς ταφὰς πέσῃς.ΤΕΥΚΡΟΣ.ΧΟΡΟΣ.αἴθων ὑβριστής· νῦν δ’ ἐγὼ μέγ’ αὖ φρονῶ,εἶτ’ αὐτὸς ἐν θανοῦσιν ὑβριστὴς γένῃ.ὅπου δ’ ὑβρίζειν, δρᾷν θ’, ἃ βσύλεται, πάρα,δέος γὰρ ᾧ, πρόςεστιν αἰσχύνη θ’ ὁμοῦ, 1055δοκεῖν πεσεῖν ἂν, κἂν ἀπὸ σμικροῦ κακοῦ.Σπάρτης ἀνάσσων ἦλθες, οὐχ ἡμῶν κρατῶν.ἀπ’ ἐκείνων ἐπὶ τὰ πάθη μετάβασις Comm. III. in Prorrh.πέρθυρον scribitur. - Sequentia ἄρτι τυγχάνει Fischerusxerit Sophocles χθονὸς ἀείρας et Oppian. Cyn. IV. 186.δρομαὶ, φησίν, ἐμέσασαί τε καὶ παρενεχθεῖσαι, δέον αὐτοὺςδατος Aristoph. Lys. 370. αἱρώμεθ’ ὑμεῖς θοὔδατος τὴνἀειρόμενος χθονός, eodemque revocavi θοὔδατος AmipsiaeAthen. XV. 667. F. θὔδωρ VI. 268. A. Alibi crasis nonNecquidquam. ED. PR.γένειον idem significare videtur quod Herc. 934. ἀφρὸν κα-Flor. CXV. 593, 30. τὸ ὑπέρθυρον quatuor syllabarum incantico Chelidonistarum Athen. VIII. 360. C. ubi nunc θὐ-τέστζε γενειάδος. Subsequentia καί σ’ οὐδὲν - ἔργον ἐστίν affert Moschopulus Sched. p. 158.ad Well. T. IV. 8. cum participio στάζων comprehendi vult.exprimitur, ut ὁ ὑπέρ bisyllabum in Herodis versu Stob.ῥεόμενος Philostr. V. Soph. I. 25, 541. *) vel ῥαινόμενοςὅμως φώνημ’ ἀκούω. Prioris versus mentionem habet Li-banius Presb. ad Julian. p. 460. T. I. τὸ Σοφοκλέους λέγειν,Eustathius p. 198, 28. p. 611, 14. Scholiastes romanus :Synes. Dion. p. 53. sed Eur. Iph. T. 108. στάζων ἀφρῷneque tam rarum quam Heldio videtur ad Plut. Timol. p. 384. demonstrantὦ φθέγμ’ Ἀθήνης· altero utuntur Suidas s. Ἄποπτος etφθέγμα εἶπεν ὡς μὴ θεασάμενος αὐτήν· δῆλον γὰρ ἐκ τοῦexempla Hippocr. Mul. I. 634. T. II. de Nat. Mul. p. 534. Plutarch. V.76Galb. c. XXVII. Appian. Civ. II. 21, 201. Lucian. Gymn §. 25. Callistr.Statt. VIII. 900. Heliod. III. 4, 113. Polyaen. Strat. IV. 2, 6.*) Ρέομαι neque barbarum esse, ut Matthiae putabat ad Hel. 1602.V. 9. Ἔνδον γὰρ ἀνήρ - Olim adnotavi articulum cumV. 10. Κάρα στάζων ἱδρῶτι - idem est quod ἱδρῶτιV. 14. 15. Ὦ φθέγμ’ Ἀθάνας - κἄν ἄποπτος ᾖς,COMMENTARIUSI. T. XVI. p. 731. et 718. eamque κακόζηλον ἑρμηνείανplus semel exprobrat Prorrheticorum scriptori, αἱ γὰρ ἀνα-ἐμέσαντας καὶ παρενεχθέντας εἰπεῖν p. 674. Quis igiturrectum discernet ubi inter curva subit ?ῑ et ῡ non colliquescere praeterquam in θοἰμάτιον et θοὔ-κάλπιν, neque id in τοὐδάφους mutandum esse, licet ita di-77*) De hoc Hasius aliter sentit neque negarem saltem ambigi posse, siin occulto *) Joseph. Bell. Jud. V. 9, 1. Synes. de Regn.πτου καὶ καταφανής Plutarch V. Eum. c. XV. ἐξ ἀπόπτουI. 66. Heliod. IX. 8, 361. His conveniunt τόπος ἐξ ἀπό-T. IV. Themist. Or. X. 137. B. Polyaen. III. 12. Zosim.ἄποπτος παντελῶς καὶ ἐπέκεινα τοῦ παντὸς, aliique aequa-c. IX. ὅπως ἄποπτον εἴη ἀπὸ τοῦ στρατοπέδου Arrian.Alex. II. 12, 6. pariterque Dio Cass. L. 50. c. 12. Galen.de Semin. II. 5, 221. T. III. de Adm. Anat. VI. 1, 128.non videre juxta veterum opinionem, deos guidem saepe cumAD SOPH. AI. V. 9-15.hominibus colloqui sed raro se iis in conspectum dare. Quor-sum haec simulatio ? et ad quod exemplum ? Scilicet Philocte-tes, Thoas, Theoclymenus, lon, Peleus, Hippolytus, Oresteslium loquuti sunt, quos Hasius produxit ad Leon. Diac. p.437. Sed veteres hoc ἄοπτον sive ἄνοπτον dicere solent,ἄποπτον vero id, quod e longinquo conspicitur vel clare,ὅπως ἄποπτος ἔσται ἡ Κορινθία ἐκ τοῦ χώματος, ut pro-άφορον dicitur ; καταφανὴς καὶ ἄποπτος Plutarch. V. Lucull.deos, quibuscum in scena colloquuntur, non videre existimandisunt ! Sed ut sumatur hoc, cujus neque ratio ulla nequetroversia significat ex edito.exemplum apparet, quo pacto spectatoribus persuaderi poterat,ut deam, quam et ipsi clare vident et Ajax primo adspectuagnoscit, unius Ulixis obtutum fugere crederent ? Decepit in-maticus Ammonio adjunctus p. XLVI. ἄποπτον interpretan-si in excelso est, vel obscure, si longp intervallo distat ;spici possit Aristot. Rep. II. 12, 253. D. id quod alibi εὐ-ekius Minervae, inquit, se machina loquentis et spectatoribusterpretes consuetudo novitia, quam sequuti Suidas et Gram-tur τὸ ἀθέατον. Sic et Cyrillus Alex. in Exod. L. II. 296.modo significatio occulti aliunde constaret ; ἐξ ἀπόπτου VI. 14. sine con-καὶ μεσαιτάτης περιωπῆς Gregor. Naz. Or. XIII. 94. C. ed.Bill. multisque aliis locis Soph. Phil. 467. Philo de Temul.p. 260. A. Phot. Bibl. CCLVIII. 778. item ἐν ἀπόπτῳ, inconspectu Dionys. Antt. II. 54. quod interpres male redditp. 27. Thucydidi familiarius verbum trisyllabum, nec dubita-82sequitur, ποιμνίων ἐπιστάταις, id Suidas s. Ἐπιστάτις in-terpretatur τοῖς κυσί, fortasse ne Ajax caedis verae nec advindictam necessariae reus agatur ; idemque sensisse videturqui v. 232. adscripsit : οὗτοι γὰρ ἐνόμιζον καὶ ποιμέναςαὐτὸν ἀνῃρηκέναι, id est, solam in hoc conjecturam sequun-tur. Rectius Schol. Rom. τοῖς ποιμέσι· καλῶς δὲ τοῦτο,ἵνα μὴ παραγένοιτό τις ἀπαγγέλλων τὸ σαφές. Sic ποιμ-νίων ἐπιστάταις Plat. Legg. X. 906. A.mento τῷ πεδίῳ nata est codd. nonnullorum lectio πεδίῳ.lsaeus Cir. p. 69. §. 11. μὴ θέλοι Lycurg. Leocr. p. 157, 77.τρέπει, hic supra scripto νέμει. Illud Valckenarius ad Hipp.p. 306. e glossa εἰς αὐτὸν τρέπει ortum putat. Galenusde Plenit. c. Xl. 346. T. VII. Chart. p. 582. Kuehn. οὐκponit Thomas s. Ὀπτήρ, totum versum cum insequenti Suidasἴσην ἅπασι νέμει τὴν αἰτίαν.affert. ED. PR.πλανηθεὶς χθόνα Eur. Hel. 598. γῆν ἀπίαν ἀλώμενοςs. Ὀπτῆρας, quam vocem Eustathius p. 788, 31. ex h. l.parum claret ; πλανηθῆναι τὴν ἐρήμην Iesai. XVI. 8. πολ-λήν ἐρημίαν Conon. Narr. II. πολλὴν γῆν Xenoph. Eph.adjici ut lectores integrioris formae admoneantur. Μὴ θελήσαςV. 14, 116. Plutarch. Lucull. c. XXXIV. cf. Aglaoph. T.I. 49. πολὺν πλανᾶσθαι τόπον Dio Chr. VII. 226. πᾶσανSyntaxis hujus exempla abunde multa extant, sed regula0ed. C. 1686. τὴν πλανοστιβῆ γῆν βεβώς Aesch, Eum. 76.V. 25. Ἐφθαρμένας - Hunc et insequentem versumV. 29. Καί μοί τις ὀπτήρ - εἰςιδών - haec verba ap-V. 28. Αἰτίαν νέμει. Codd. Δ. La. Lb. Aug. B.V. 30 Πηδῶντα πεδία. E Scholiastae interpreta-etc. et similia apud Demosthenem, cui Schaeferus μὴ ἐθέλεινeximere studet ad p. 1451, 61. cf. Ruediger ad Philipp. I.tione caruit εἰ θέλοιμεν Vl. 34, ⟨. sed Platoni jure reli-apud hunc ut apud ceteros antiquiores praevalet ἐθέλειν.quit Schneiderus ad Civ. T. I. p. 230. T. III. p. 154. etsiproducit Suidas s. Λείας. Verbum κατηναρισμένας ex h. l.φεται κτείνειν παρών. Si quid in antiquis libris variatum1021384. οὐδ’ ἔτλης παρὼν ἐφυβρίσαι, ubi Reiskius imprudensλών, ἔχων, ἰών, saepe φράσεως ἕνεκα addi atque ita ut tuminter se permutari tum plane omitti possint. Dehinc conje-στάσεις ἂν εἰςίδοις scribendum esse καὶ νῦν παρὼν ἄν [nisinotare solent, si quid poeta diversis locis pariter enuntiavit,ita credibile est, quod v. 312. legitur ἐμοὶ τὰ δείν’ ἐπηπεί-potius e codd. lectione πικράς colligendum est illum πυκνάςλησ’ ἔπη, similitudinis ergo adscriptum esse versui 650. τὰcturam feci in Eur. Heracl. 416. καὶ νῦν πικρὸν ὢν συ-δείν’ ἐκαρτέρουν τότε, et hoc jam pro diversa afferri lectio-ne. Aliud hujus rei exemplum praebet cod. Jen. v. 327.Hermanno adscitum sed rejectum rursus a Dindorfio.Inter ceteras autem lectiones a Scholiastis commemoratas nullapotentissima, quod subsequuti editores ne unam quidem illa-rum lectionum susceperunt praeter βλέποντας v. 273. abest, quae vulgatae praeferri mereatur, una v. 1056. ὡς ἐλοι-δόρει ex mendosa scriptura profecta, pleraeque aut interpre-ED. PR. Hujus judicii nostri ab Osanno impugnati probatioindicio sed sola mutationis facilitate allecti ; quod genus v.404. ποῖ τις οὖν τράπῃ affertur pro φύγῃ, v. 564. φρου-ex hoc loco excerpsit.ρὰν ἔχων pro θήραν, v. 582. τραύματι pro πήματι, ν.vel Pii vel Praxiphanis exemplaribus haustum esse praestem.dationes scilicet saepe nobis aliena verba transscribentibusexcidunt perinvitis. Illorum certe nihil est, quod e DidymiCritici male seduli fabricari solent nullo corruptae scripturaeV. 56. Κύκλῳ ῥαχίζων. Haec verba Suidas s. ΡαχίζωνV. 57. Αὐτόχειρ κτείνειν ἔχων. Schol. et La. γρά-V. 58. Ὅτ’ ἄλλοτ’ ἄλλον, ἐμπιτνῶν, στρατηλατῶν.COMMENTARIUSscripserunt primi, lectores admonere voluerunt similium loco-rum v. 1131. τοὺς θανόντας οὐκ ἐᾷς θάπτειν παρών, vscripsisse]. Quemadmodum Scholiastae Homerici sedulo ad-est, potius ἑλών quam παρών fuisse crediderim ; hoc qui ad-in plagam incidit, non animadverso, participia παρών, μο-1104. ἢ καὶ τοῦδε σοί pro ἤ καὶ τῷδε σέ, cujusmodi emen-λύσσης. Illo commode usus est Euripides Herc. 1288. γλώσσης πικροῖςκέντροισι κληδουχούμενοι, sive potius κληδονούμενοι. In Sophoclis versu,stinctu coeco, ut φρενῶν ἐριννύς Antig. 603. vocatur illaamentia, quae Oedipi familiam parricidio funestatam in perni-scribit sed Lyssae sive Maniae, qua quum Aeschylus *) etEuripides ad pervertendas Penthei et Herculis mentes usi es-sent, Orpheus Arg. 872. Nonnus XXXI. 73. XLIV. 259.derus Advers. in Philoct. p. 56. suspicatur latere verioremεἰς ἅρκυν κακήν. Equidem neutram a Sophocle profectam,sed illam, cui Erfurdtius patrocinatur, prorsus intolerabilemesse arbitror propter eas rationes, quas olim minus dilucideexposui. Etenim si Ajax aut aliquis e majoribus ejus caede103ciem agebat. Sed quum Ajax nihil tale in se admiserit, neQuintus quidem V. 360. et 452. ejus insaniam Furiae in-λυσσήμασι adsutum est ex Eur. Or. 270.γρ. ἐμπεσών. Codd. Γ. La. ἐμπίπτων γρ. ἐμπεσών. Ceterisum Hesychius exhibet sed interpolatum : φοιτῶντ’ ἄνδραἔλεγον· τουτέστι τὸν μεθ’ ὁρμῆς μεμηνότα. Μανιάσινται τὴν τῶν ἀγαθῶν ἔστιν ὅτε φύσιν Plat. Phileb. p. 32.φεται ἐμπεσὼν ἤ ἐμπιτνῶν. Sed Schol. Laur. ἐμπίτνων*) In Xantriis Fragm. II. pro κέντημα γλώσσης scribendum videturἐμπιτνῶν, nullus ἐμπιτνών, quod Dindorfius edidit, nedumἐμπίτνων. Tacet Elmslejus.Scholiastes : ὅτ’ ἄλλοτ’ ἄλλον ἀσυνδέτως εἴρηκεν. Aut egonon satis attendi aut hoc ὅτ’ ἄλλοτε pro ὁτὲ δέ vel ἄλλοτεδέ alibi non legitur, sed simile tamen quiddam ἐγίοτε δέχον-D. Et τοῦτ’ ἄλλο 0ed. T. 603. τοῦτ’ αὖθις Ant. 167. proquem ad v. 125. producemus, λύσσης πικροῖς κέντροισιν ἠρεθισμένον,convenit utrumque.V. 60. Εἰςέβαλλον εἰς ἕρκη κακά. Schol. Laur. etV. 59. Φοιτῶντ’ ἄνδρα μανιάσιν νόσοις. Hunc ver-AD SOPH. AI. V. 56-60.τοῦτο δέ valent. Scholiastes Rom. Ἐμπίπτων (sic) γρά-θεοβλάβεια proprie vereque potuisset a Furiarum repeti in-se obstrinxisset nefaria, tum vero consequuta hoc facinusἐστάτω Aj. 1084. θορύβου ἀναστάντος Appian. Civ. l.Ὠμοκρατής Scholiastae ambigunt utrum ab ὠμός composi-p. 383. Pro ὁπότ’ Ἄρεος ἔσσυτο δῆρις Quint. Cal. V.et contra Orph. Arg. 435. pro ἔστατο δ’ ἄκρα κάρηνα re-quam ἔπτατο.Scholiastes χθονίων recte interpretatur αὐτοχθόνων, sedbuisse crediderunt v. Philostr. Heroic. IX. 720. quos Strabostathius p. 275, 35. ὁ μέγας Αἴας παρὰ Σοφοκλεῖ. Totumversum affert Suidas s. Ὠμοκρατής. Articulum ante μέγαςoperae ἀγωγοί. In seq. versu Γ. et Dresd. A. Ἐρεχθειδῶν.quod idem dicit ad v. 134. et vulgo credimus, ὅτι ὁ χορὸςclare significatum non est ; nec quidquam interest ad eorumσφισι μεγάλα πένθεα ἵσταται Lucian. Dea Syr. §. 6. δέοςopinionem, qui Ajacem Atheniensibus belli ducem se prae-ejecerunt Seidlerus, Bothius, Hermannus ; illi ratione minusfirma, ne dactylo subjiciatur anapaestus v. Matthiae ad Hipp.168. scribi oportet ἵστατο v. Wyttenbach. ad Julian. p. 199.1355. Hermannus, quia articulus sic positus numeri vinculominii epitheton fere fixum et perpetuum ὁ μέγας ll. Π. 358.Theocr. XV. 138. et poetam inducere potuit ut ὁ μέγαςcum δεινός, intellectu cum μέγας cohaereret. Ajacis Sala-scriberet, et librarios, ut articulum de suo adjicerent *).δυνάμενος, vel ut Moschopulus Sched. p. 184. ὁ ἐν τοῖςstituendum ἔσσυτο, quod a vulgato ἔστευτο proprius abestμοι θνητῶν περὶ θριγκοῖσιν ἀνῆψε σκῦλα - addito articulo scribendumτὰ περὶ ut Leonid. Ep. XLVII. ταῦτα λάφυρα τίς ὁ θριγκοῖσιν ἀνάψας.tum sit an ab ὦμος, ὁ τῶν (scr. διὰ τῶν) ὤμων κρατεῖνED. PR.V. 201. 202. Ναὸς ἀρωγοὶ. Cod. Γ. ὦ ναός, Hermanni*) In Meleagri Ep. CXV. p. 34. Anth. Pal. VI. n. 163. τίς τάδεV. 205. Νῦν γὰρ ὁ δεινὸς ὁ μέγας ὠμοκράτης. Eu-COMMENTARIUSἐσκεύασται ἀπὸ Σαλαμινίων, id a poeta v. 597. et 1213.156VI. 199. Βαρυάλγητα plene Aug. C. ἄχος ἕστηκε cod. Γ.et Jen. Τοσαύτη κατάπληξις εἱστήκει Diod. XlII. 55. καίrefellit IX. 604.56. alia quaedam minus apposita affert Dorvillius ad Char.V. 324. p. 228. Adn. ἰήκοπος, quod Hermannus in Opusc.V. 370. Interjectionis scripturam idem accuratius indagavitAthen. III. 99. E. et de μυοφόνον in Adn. confer Schnei-V. 397. De praepositione nomini secundo addita v. Mehlhorn.V. 310. p. 222. Adn. 3. conf. Eur. Bacch. 766. σταγόναV. 313. p. 225. Adn. Ἀνεθάλετε Epist. ad Philipp. IV. 10.487V. 277. p. 202. Adde Heracl. Alleg. LXV. 196. τὸν κό-mine obsoleto, cujus forma apparet in latino lamentum,ubi aptius esset ἀνελάβετε.τεποιήσαντο. Nicephorus Greg. Hist. IX. 11, 277. C. εἶ-der. ad Theophr. T. III. 473. Ibid. p. 230. lin. 15. ho-V. 467. De μόνος μόνῳ et similibus plura attulit Foertschiusὀψόπωλις (ἀγορά) Plut. V. Timol. c. XIV. Similiter τη-v. Ellendt. Lex. I. 835.T. I. 31.rum obliti Corais et Schaeferus suspectum habuerint ἡλία ἀρτόπωλις Poll. IX. 108. ἡ τρωγλοδύτις (χώρα) Plut.et ἐνδυτήριος, ἱκτήρ et προσίκτης κλάδος et ἱκετήριοςde Fac. Lun. XIII. 80. apud Sophoclem πέπλος ἐνδυτήρde Schem. ἀπὸ κοινοῦ p. 7.T. V. 138. veretur ne graecum non sit, cum αἴλινος [οἰ-πῶς οὐκ ἂν παρασκευάσοι XIIl. 149. δόξοιτε ἄν Agath.Hist. II. 12, 49. B.in Commentatione Lysiae praemissa p. 44.χεν ἄν τινα λόγον ὁ λόγος.compositum videtur. Ibid. p. 229. adde κυνοφόντις ἑορτήσμον ἀπέδωκε τῷ κόσμῳ. Athen. XII. 544. A. φιλοσό-tarius Pars syntaxis anom. de construct. absolut. in quoφων αἱρέσεις ὅλαι τῆς περὶ τὴν τρυφὴν αἱρέσεως ἀν-V. 469. νομίσοι ἄν Simplic. Comm. in Enchir. X. p. 109.V. 254. De accusativo Ἄρη v. Ellendt. I. 225. HesychiusET CORRIGENDA.Λιώδης, λιθόλευστος scripsisse videtur λιώλης.V. 301. p. 215 Nunc ipsum prodiit viri doctissimi Commen_haec exposita sunt p. 200.δ’ ἐκ παρηΐδων ἐξεφαίδρυνον χροός.V. 322 Adde μύκημα μέγα ἐβρυχήσατο Dio Cass. LXVIII. 24.τόλινος] ἰήλεμος comparabam, quorum postremum cum no-χεὶρ πατροκτόνος p. 233.χελιδόνειο p. 119.Aristophanes p. 190. 204. 226. 354.Artemidorus p. 359.Dio Chr. p. 110. 432.φορὰν μίαν semel p. 212.φύρω, άω p. 182.φύω intrans. p. 90.χαρώνεια v. 110.χειμίη, χειμερία subst. p. 158.33505Aelianus p. 159. 252.φωνεῖν construct. v. 1047.Athenaeus p. 87. 164.Alcacus p. 463.Aristaenetus p. 448.χειρὸς ἔργα, ἐργασίαι v. 618. zeugma v. 1033.χαίρω cum accus. person. v. 136.Cornutus p. 191.Demosthenes p. 109. 333.Dio Cass. p. 485.Diogenes p. 365.Aeschylus p. 73. 80. 103. 139. 151. 107. 151. 171. 197. 202. 252.φύτιος p. 113 v. Add.φρενομόρως v. 626.φρούδου v. 264.φυγαδεύειν neutral. p. 385.φρύττειν intrans. v. 269.φοιβάζεσθαι v. 332.170. 172. 405. 411.Sophocl. Aiax. Ed. 2.Aeschines p. 250. 337.φρονεῖν μέγα, μεγάλα etc. v. 1120.327. 331. 332. 339. 340. 344.RERUM ET VOCABULORUM.Χ. et Ψ.Index II. scriptorum.χάζειν sign. dupl. p. 91.Euripides p. 73. 74. 80. 87. 102.Herodianus p. 143. 170,Macrobius p. 179.Himerius p. 190.Jamblichus p. 251. 252.Joh. Lydus p. 391.350. 351. 352. 356. 400. 444.Juvenalis p. 380.Manetho p. 192. 319.Menander hist. p. 351.Musaeus p. 340.Heliodorus p. 181.Hesychius p. 110. 159. 169. 224.Homeri hymn. p. 179.Nonnus p. 86. 159.χρηστήρια v. 220.ψεύδω, ἔψευμαι p. 323.Anthol. Gr. p. 156. 159. 223. 258.ψευσθῆναι cum tribus casib. v. 177.χρίω, χρείω, κέχριμαι p. 325.χρόνος πολὺς ἐξ οὗ pro diu v. 600.ζῶμα, ζῶσμα p. 316.χράομαι, κέχρησμαι p. 319.χρημοσύνη, χρησμ. v. 704.χρώννυμι, κέχρωσμαι p. 316.χρῶ v. ἐγχρῶ.χῶσμα, χῶμα p. 316.ψαύω, ἐψαύσθη p. 322.250. 251. 375. 376.ζεῖν et compos. factit. p. 92.χρᾷν transit. v. 40.χηρῶσαι relinquere v. 987.Etym. M. p. 101. 362.p. 198.448. 451. 469. 478.261. 314. 321. 361. 374. 391.396. 403. 408. 426. 443. 450.321. 327. 339. 354. 375. 436.Ζ.Appianus p. 342. 351.Arcadius p. 144. 164. 166. 168.'
total chars: 31136
total greek: 11029
total common punct: 7311
uniquely greek + punct: 18340
portion def. not Greek, 0.41097122302158273
224
{'Ἔ', 'ΐ', 'ξ', 'Ἅ', 'ἦ', 'V', 'z', ' ', 'u', 'γ', '?', 'Ἀ', 'ἰ', 'ὅ', 'T', 'w', 'D', 'ὤ', 'ϊ', ',', '⟨', 'ς', 'm', 'ω', 'Ἄ', 'Β', 'B', 'Δ', 'ἄ', 'S', 'ῳ', 'ῖ', 'ὕ', 'ἡ', 'P', 'Α', 'Ε', 'Η', 'Υ', ':', 's', 'ῶ', 'ὗ', 'g', 'I', 'A', 'ζ', 'ὖ', '5', 'W', 'Q', 'c', 'Ὀ', 'Σ', '’', 'ᾖ', 'Θ', 'Ὡ', 'μ', '(', 'Ὠ', 'ἷ', 'ὶ', 'v', 'd', 'Ἐ', 'ῃ', 'l', 'M', 'ῄ', 'F', 'n', 'ᾄ', 'q', 'δ', 'Μ', '1', 'ῡ', 'ὀ', 'p', 'ά', 'Χ', 'ό', 'ὥ', 'Ἕ', 'ί', 'ἁ', 'ῂ', '-', '‘', 'Ὅ', 'ᾶ', 'ὣ', 'ὑ', 'i', 'ὰ', 'K', 'ᾔ', 'ὴ', 'r', '.', 'ὸ', 'ᾤ', '0', 'κ', 'η', 'ᾳ', 'θ', 'H', 'ἂ', 'b', 'ἴ', 'j', '!', 'ʹ', 'R', 'y', '2', 'ἧ', 'ῷ', 'χ', 't', 'ἅ', '8', 'f', 'ν', 'Ἡ', 'ὧ', 'Z', 'Λ', 'ο', 'Τ', 'Κ', 'Ν', 'ἑ', 'ἔ', 'ῦ', 'ἀ', 'Ἦ', 'C', '[', 'τ', 'ὐ', 'Ὁ', 'λ', 'x', '*', 'Ι', 'ι', '6', 'έ', 'ε', 'ὦ', 'h', 'o', 'k', 'ῥ', 'ἶ', 'ʼ', 'O', 'ῆ', '·', '3', 'φ', 'Φ', 'ὁ', 'Ρ', 'ὔ', 'ᾧ', 'ρ', 'Γ', 'σ', 'α', ']', 'ὡ', ')', 'ή', 'ψ', '§', 'Ἑ', 'ἵ', 'ὢ', 'ἕ', 'Ψ', 'ὠ', '7', '4', '_', 'e', 'ἠ', 'Ὦ', 'ἃ', 'G', 'Ζ', 'ἐ', 'ὼ', 'ἥ', 'β', 'υ', 'ὲ', 'ὺ', 'L', 'N', 'ἱ', 'ύ', 'ᾷ', 'ἢ', 'ῑ', 'X', 'U', 'J', 'π', ';', 'ῤ', 'E', 'Π', 'ὃ', 'ώ', 'Ο', 'ἤ', '9', 'ὄ', 'a', 'ῇ'}
Ἔ
GREEK CAPITAL LETTER EPSILON WITH PSILI AND OXIA
ΐ
GREEK SMALL LETTER IOTA WITH DIALYTIKA AND TONOS
ξ
GREEK SMALL LETTER XI
Ἅ
GREEK CAPITAL LETTER ALPHA WITH DASIA AND OXIA
ἦ
GREEK SMALL LETTER ETA WITH PSILI AND PERISPOMENI
V
LATIN CAPITAL LETTER V
	 this is not a greek char
z
LATIN SMALL LETTER Z
	 this is not a greek char
 
SPACE
u
LATIN SMALL LETTER U
	 this is not a greek char
γ
GREEK SMALL LETTER GAMMA
?
QUESTION MARK
	 this is not a greek char
Ἀ
GREEK CAPITAL LETTER ALPHA WITH PSILI
ἰ
GREEK SMALL LETTER IOTA WITH PSILI
ὅ
GREEK SMALL LETTER OMICRON WITH DASIA AND OXIA
T
LATIN CAPITAL LETTER T
	 this is not a greek char
w
LATIN SMALL LETTER W
	 this is not a greek char
D
LATIN CAPITAL LETTER D
	 this is not a greek char
ὤ
GREEK SMALL LETTER OMEGA WITH PSILI AND OXIA
ϊ
GREEK SMALL LETTER IOTA WITH DIALYTIKA
,
COMMA
⟨
MATHEMATICAL LEFT ANGLE BRACKET
	 this is not a greek char
ς
GREEK SMALL LETTER FINAL SIGMA
m
LATIN SMALL LETTER M
	 this is not a greek char
ω
GREEK SMALL LETTER OMEGA
Ἄ
GREEK CAPITAL LETTER ALPHA WITH PSILI AND OXIA
Β
GREEK CAPITAL LETTER BETA
B
LATIN CAPITAL LETTER B
	 this is not a greek char
Δ
GREEK CAPITAL LETTER DELTA
ἄ
GREEK SMALL LETTER ALPHA WITH PSILI AND OXIA
S
LATIN CAPITAL LETTER S
	 this is not a greek char
ῳ
GREEK SMALL LETTER OMEGA WITH YPOGEGRAMMENI
ῖ
GREEK SMALL LETTER IOTA WITH PERISPOMENI
ὕ
GREEK SMALL LETTER UPSILON WITH DASIA AND OXIA
ἡ
GREEK SMALL LETTER ETA WITH DASIA
P
LATIN CAPITAL LETTER P
	 this is not a greek char
Α
GREEK CAPITAL LETTER ALPHA
Ε
GREEK CAPITAL LETTER EPSILON
Η
GREEK CAPITAL LETTER ETA
Υ
GREEK CAPITAL LETTER UPSILON
:
COLON
s
LATIN SMALL LETTER S
	 this is not a greek char
ῶ
GREEK SMALL LETTER OMEGA WITH PERISPOMENI
ὗ
GREEK SMALL LETTER UPSILON WITH DASIA AND PERISPOMENI
g
LATIN SMALL LETTER G
	 this is not a greek char
I
LATIN CAPITAL LETTER I
	 this is not a greek char
A
LATIN CAPITAL LETTER A
	 this is not a greek char
ζ
GREEK SMALL LETTER ZETA
ὖ
GREEK SMALL LETTER UPSILON WITH PSILI AND PERISPOMENI
5
DIGIT FIVE
W
LATIN CAPITAL LETTER W
	 this is not a greek char
Q
LATIN CAPITAL LETTER Q
	 this is not a greek char
c
LATIN SMALL LETTER C
	 this is not a greek char
Ὀ
GREEK CAPITAL LETTER OMICRON WITH PSILI
Σ
GREEK CAPITAL LETTER SIGMA
’
RIGHT SINGLE QUOTATION MARK
	 this is not a greek char
ᾖ
GREEK SMALL LETTER ETA WITH PSILI AND PERISPOMENI AND YPOGEGRAMMENI
Θ
GREEK CAPITAL LETTER THETA
Ὡ
GREEK CAPITAL LETTER OMEGA WITH DASIA
μ
GREEK SMALL LETTER MU
(
LEFT PARENTHESIS
Ὠ
GREEK CAPITAL LETTER OMEGA WITH PSILI
ἷ
GREEK SMALL LETTER IOTA WITH DASIA AND PERISPOMENI
ὶ
GREEK SMALL LETTER IOTA WITH VARIA
v
LATIN SMALL LETTER V
	 this is not a greek char
d
LATIN SMALL LETTER D
	 this is not a greek char
Ἐ
GREEK CAPITAL LETTER EPSILON WITH PSILI
ῃ
GREEK SMALL LETTER ETA WITH YPOGEGRAMMENI
l
LATIN SMALL LETTER L
	 this is not a greek char
M
LATIN CAPITAL LETTER M
	 this is not a greek char
ῄ
GREEK SMALL LETTER ETA WITH OXIA AND YPOGEGRAMMENI
F
LATIN CAPITAL LETTER F
	 this is not a greek char
n
LATIN SMALL LETTER N
	 this is not a greek char
ᾄ
GREEK SMALL LETTER ALPHA WITH PSILI AND OXIA AND YPOGEGRAMMENI
q
LATIN SMALL LETTER Q
	 this is not a greek char
δ
GREEK SMALL LETTER DELTA
Μ
GREEK CAPITAL LETTER MU
1
DIGIT ONE
ῡ
GREEK SMALL LETTER UPSILON WITH MACRON
ὀ
GREEK SMALL LETTER OMICRON WITH PSILI
p
LATIN SMALL LETTER P
	 this is not a greek char
ά
GREEK SMALL LETTER ALPHA WITH TONOS
Χ
GREEK CAPITAL LETTER CHI
ό
GREEK SMALL LETTER OMICRON WITH TONOS
ὥ
GREEK SMALL LETTER OMEGA WITH DASIA AND OXIA
Ἕ
GREEK CAPITAL LETTER EPSILON WITH DASIA AND OXIA
ί
GREEK SMALL LETTER IOTA WITH TONOS
ἁ
GREEK SMALL LETTER ALPHA WITH DASIA
ῂ
GREEK SMALL LETTER ETA WITH VARIA AND YPOGEGRAMMENI
-
HYPHEN-MINUS
‘
LEFT SINGLE QUOTATION MARK
	 this is not a greek char
Ὅ
GREEK CAPITAL LETTER OMICRON WITH DASIA AND OXIA
ᾶ
GREEK SMALL LETTER ALPHA WITH PERISPOMENI
ὣ
GREEK SMALL LETTER OMEGA WITH DASIA AND VARIA
ὑ
GREEK SMALL LETTER UPSILON WITH DASIA
i
LATIN SMALL LETTER I
	 this is not a greek char
ὰ
GREEK SMALL LETTER ALPHA WITH VARIA
K
LATIN CAPITAL LETTER K
	 this is not a greek char
ᾔ
GREEK SMALL LETTER ETA WITH PSILI AND OXIA AND YPOGEGRAMMENI
ὴ
GREEK SMALL LETTER ETA WITH VARIA
r
LATIN SMALL LETTER R
	 this is not a greek char
.
FULL STOP
ὸ
GREEK SMALL LETTER OMICRON WITH VARIA
ᾤ
GREEK SMALL LETTER OMEGA WITH PSILI AND OXIA AND YPOGEGRAMMENI
0
DIGIT ZERO
κ
GREEK SMALL LETTER KAPPA
η
GREEK SMALL LETTER ETA
ᾳ
GREEK SMALL LETTER ALPHA WITH YPOGEGRAMMENI
θ
GREEK SMALL LETTER THETA
H
LATIN CAPITAL LETTER H
	 this is not a greek char
ἂ
GREEK SMALL LETTER ALPHA WITH PSILI AND VARIA
b
LATIN SMALL LETTER B
	 this is not a greek char
ἴ
GREEK SMALL LETTER IOTA WITH PSILI AND OXIA
j
LATIN SMALL LETTER J
	 this is not a greek char
!
EXCLAMATION MARK
	 this is not a greek char
ʹ
MODIFIER LETTER PRIME
	 this is not a greek char
R
LATIN CAPITAL LETTER R
	 this is not a greek char
y
LATIN SMALL LETTER Y
	 this is not a greek char
2
DIGIT TWO
ἧ
GREEK SMALL LETTER ETA WITH DASIA AND PERISPOMENI
ῷ
GREEK SMALL LETTER OMEGA WITH PERISPOMENI AND YPOGEGRAMMENI
χ
GREEK SMALL LETTER CHI
t
LATIN SMALL LETTER T
	 this is not a greek char
ἅ
GREEK SMALL LETTER ALPHA WITH DASIA AND OXIA
8
DIGIT EIGHT
f
LATIN SMALL LETTER F
	 this is not a greek char
ν
GREEK SMALL LETTER NU
Ἡ
GREEK CAPITAL LETTER ETA WITH DASIA
ὧ
GREEK SMALL LETTER OMEGA WITH DASIA AND PERISPOMENI
Z
LATIN CAPITAL LETTER Z
	 this is not a greek char
Λ
GREEK CAPITAL LETTER LAMDA
ο
GREEK SMALL LETTER OMICRON
Τ
GREEK CAPITAL LETTER TAU
Κ
GREEK CAPITAL LETTER KAPPA
Ν
GREEK CAPITAL LETTER NU
ἑ
GREEK SMALL LETTER EPSILON WITH DASIA
ἔ
GREEK SMALL LETTER EPSILON WITH PSILI AND OXIA
ῦ
GREEK SMALL LETTER UPSILON WITH PERISPOMENI
ἀ
GREEK SMALL LETTER ALPHA WITH PSILI
Ἦ
GREEK CAPITAL LETTER ETA WITH PSILI AND PERISPOMENI
C
LATIN CAPITAL LETTER C
	 this is not a greek char
[
LEFT SQUARE BRACKET
τ
GREEK SMALL LETTER TAU
ὐ
GREEK SMALL LETTER UPSILON WITH PSILI
Ὁ
GREEK CAPITAL LETTER OMICRON WITH DASIA
λ
GREEK SMALL LETTER LAMDA
x
LATIN SMALL LETTER X
	 this is not a greek char
*
ASTERISK
	 this is not a greek char
Ι
GREEK CAPITAL LETTER IOTA
ι
GREEK SMALL LETTER IOTA
6
DIGIT SIX
έ
GREEK SMALL LETTER EPSILON WITH TONOS
ε
GREEK SMALL LETTER EPSILON
ὦ
GREEK SMALL LETTER OMEGA WITH PSILI AND PERISPOMENI
h
LATIN SMALL LETTER H
	 this is not a greek char
o
LATIN SMALL LETTER O
	 this is not a greek char
k
LATIN SMALL LETTER K
	 this is not a greek char
ῥ
GREEK SMALL LETTER RHO WITH DASIA
ἶ
GREEK SMALL LETTER IOTA WITH PSILI AND PERISPOMENI
ʼ
MODIFIER LETTER APOSTROPHE
O
LATIN CAPITAL LETTER O
	 this is not a greek char
ῆ
GREEK SMALL LETTER ETA WITH PERISPOMENI
·
MIDDLE DOT
3
DIGIT THREE
φ
GREEK SMALL LETTER PHI
Φ
GREEK CAPITAL LETTER PHI
ὁ
GREEK SMALL LETTER OMICRON WITH DASIA
Ρ
GREEK CAPITAL LETTER RHO
ὔ
GREEK SMALL LETTER UPSILON WITH PSILI AND OXIA
ᾧ
GREEK SMALL LETTER OMEGA WITH DASIA AND PERISPOMENI AND YPOGEGRAMMENI
ρ
GREEK SMALL LETTER RHO
Γ
GREEK CAPITAL LETTER GAMMA
σ
GREEK SMALL LETTER SIGMA
α
GREEK SMALL LETTER ALPHA
]
RIGHT SQUARE BRACKET
ὡ
GREEK SMALL LETTER OMEGA WITH DASIA
)
RIGHT PARENTHESIS
ή
GREEK SMALL LETTER ETA WITH TONOS
ψ
GREEK SMALL LETTER PSI
§
SECTION SIGN
	 this is not a greek char
Ἑ
GREEK CAPITAL LETTER EPSILON WITH DASIA
ἵ
GREEK SMALL LETTER IOTA WITH DASIA AND OXIA
ὢ
GREEK SMALL LETTER OMEGA WITH PSILI AND VARIA
ἕ
GREEK SMALL LETTER EPSILON WITH DASIA AND OXIA
Ψ
GREEK CAPITAL LETTER PSI
ὠ
GREEK SMALL LETTER OMEGA WITH PSILI
7
DIGIT SEVEN
4
DIGIT FOUR
_
LOW LINE
	 this is not a greek char
e
LATIN SMALL LETTER E
	 this is not a greek char
ἠ
GREEK SMALL LETTER ETA WITH PSILI
Ὦ
GREEK CAPITAL LETTER OMEGA WITH PSILI AND PERISPOMENI
ἃ
GREEK SMALL LETTER ALPHA WITH DASIA AND VARIA
G
LATIN CAPITAL LETTER G
	 this is not a greek char
Ζ
GREEK CAPITAL LETTER ZETA
ἐ
GREEK SMALL LETTER EPSILON WITH PSILI
ὼ
GREEK SMALL LETTER OMEGA WITH VARIA
ἥ
GREEK SMALL LETTER ETA WITH DASIA AND OXIA
β
GREEK SMALL LETTER BETA
υ
GREEK SMALL LETTER UPSILON
ὲ
GREEK SMALL LETTER EPSILON WITH VARIA
ὺ
GREEK SMALL LETTER UPSILON WITH VARIA
L
LATIN CAPITAL LETTER L
	 this is not a greek char
N
LATIN CAPITAL LETTER N
	 this is not a greek char
ἱ
GREEK SMALL LETTER IOTA WITH DASIA
ύ
GREEK SMALL LETTER UPSILON WITH TONOS
ᾷ
GREEK SMALL LETTER ALPHA WITH PERISPOMENI AND YPOGEGRAMMENI
ἢ
GREEK SMALL LETTER ETA WITH PSILI AND VARIA
ῑ
GREEK SMALL LETTER IOTA WITH MACRON
X
LATIN CAPITAL LETTER X
	 this is not a greek char
U
LATIN CAPITAL LETTER U
	 this is not a greek char
J
LATIN CAPITAL LETTER J
	 this is not a greek char
π
GREEK SMALL LETTER PI
;
SEMICOLON
ῤ
GREEK SMALL LETTER RHO WITH PSILI
E
LATIN CAPITAL LETTER E
	 this is not a greek char
Π
GREEK CAPITAL LETTER PI
ὃ
GREEK SMALL LETTER OMICRON WITH DASIA AND VARIA
ώ
GREEK SMALL LETTER OMEGA WITH TONOS
Ο
GREEK CAPITAL LETTER OMICRON
ἤ
GREEK SMALL LETTER ETA WITH PSILI AND OXIA
9
DIGIT NINE
ὄ
GREEK SMALL LETTER OMICRON WITH PSILI AND OXIA
a
LATIN SMALL LETTER A
	 this is not a greek char
ῇ
GREEK SMALL LETTER ETA WITH PERISPOMENI AND YPOGEGRAMMENI
ASTERISK 002a
COLON 003a
COMMA 002c
DIGIT EIGHT 0038
DIGIT FIVE 0035
DIGIT FOUR 0034
DIGIT NINE 0039
DIGIT ONE 0031
DIGIT SEVEN 0037
DIGIT SIX 0036
DIGIT THREE 0033
DIGIT TWO 0032
DIGIT ZERO 0030
EXCLAMATION MARK 0021
FULL STOP 002e
GREEK CAPITAL LETTER ALPHA 0391
GREEK CAPITAL LETTER ALPHA WITH DASIA AND OXIA 1f0d
GREEK CAPITAL LETTER ALPHA WITH PSILI 1f08
GREEK CAPITAL LETTER ALPHA WITH PSILI AND OXIA 1f0c
GREEK CAPITAL LETTER BETA 0392
GREEK CAPITAL LETTER CHI 03a7
GREEK CAPITAL LETTER DELTA 0394
GREEK CAPITAL LETTER EPSILON 0395
GREEK CAPITAL LETTER EPSILON WITH DASIA 1f19
GREEK CAPITAL LETTER EPSILON WITH DASIA AND OXIA 1f1d
GREEK CAPITAL LETTER EPSILON WITH PSILI 1f18
GREEK CAPITAL LETTER EPSILON WITH PSILI AND OXIA 1f1c
GREEK CAPITAL LETTER ETA 0397
GREEK CAPITAL LETTER ETA WITH DASIA 1f29
GREEK CAPITAL LETTER ETA WITH PSILI AND PERISPOMENI 1f2e
GREEK CAPITAL LETTER GAMMA 0393
GREEK CAPITAL LETTER IOTA 0399
GREEK CAPITAL LETTER KAPPA 039a
GREEK CAPITAL LETTER LAMDA 039b
GREEK CAPITAL LETTER MU 039c
GREEK CAPITAL LETTER NU 039d
GREEK CAPITAL LETTER OMEGA WITH DASIA 1f69
GREEK CAPITAL LETTER OMEGA WITH PSILI 1f68
GREEK CAPITAL LETTER OMEGA WITH PSILI AND PERISPOMENI 1f6e
GREEK CAPITAL LETTER OMICRON 039f
GREEK CAPITAL LETTER OMICRON WITH DASIA 1f49
GREEK CAPITAL LETTER OMICRON WITH DASIA AND OXIA 1f4d
GREEK CAPITAL LETTER OMICRON WITH PSILI 1f48
GREEK CAPITAL LETTER PHI 03a6
GREEK CAPITAL LETTER PI 03a0
GREEK CAPITAL LETTER PSI 03a8
GREEK CAPITAL LETTER RHO 03a1
GREEK CAPITAL LETTER SIGMA 03a3
GREEK CAPITAL LETTER TAU 03a4
GREEK CAPITAL LETTER THETA 0398
GREEK CAPITAL LETTER UPSILON 03a5
GREEK CAPITAL LETTER ZETA 0396
GREEK SMALL LETTER ALPHA 03b1
GREEK SMALL LETTER ALPHA WITH DASIA 1f01
GREEK SMALL LETTER ALPHA WITH DASIA AND OXIA 1f05
GREEK SMALL LETTER ALPHA WITH DASIA AND VARIA 1f03
GREEK SMALL LETTER ALPHA WITH PERISPOMENI 1fb6
GREEK SMALL LETTER ALPHA WITH PERISPOMENI AND YPOGEGRAMMENI 1fb7
GREEK SMALL LETTER ALPHA WITH PSILI 1f00
GREEK SMALL LETTER ALPHA WITH PSILI AND OXIA 1f04
GREEK SMALL LETTER ALPHA WITH PSILI AND OXIA AND YPOGEGRAMMENI 1f84
GREEK SMALL LETTER ALPHA WITH PSILI AND VARIA 1f02
GREEK SMALL LETTER ALPHA WITH TONOS 03ac
GREEK SMALL LETTER ALPHA WITH VARIA 1f70
GREEK SMALL LETTER ALPHA WITH YPOGEGRAMMENI 1fb3
GREEK SMALL LETTER BETA 03b2
GREEK SMALL LETTER CHI 03c7
GREEK SMALL LETTER DELTA 03b4
GREEK SMALL LETTER EPSILON 03b5
GREEK SMALL LETTER EPSILON WITH DASIA 1f11
GREEK SMALL LETTER EPSILON WITH DASIA AND OXIA 1f15
GREEK SMALL LETTER EPSILON WITH PSILI 1f10
GREEK SMALL LETTER EPSILON WITH PSILI AND OXIA 1f14
GREEK SMALL LETTER EPSILON WITH TONOS 03ad
GREEK SMALL LETTER EPSILON WITH VARIA 1f72
GREEK SMALL LETTER ETA 03b7
GREEK SMALL LETTER ETA WITH DASIA 1f21
GREEK SMALL LETTER ETA WITH DASIA AND OXIA 1f25
GREEK SMALL LETTER ETA WITH DASIA AND PERISPOMENI 1f27
GREEK SMALL LETTER ETA WITH OXIA AND YPOGEGRAMMENI 1fc4
GREEK SMALL LETTER ETA WITH PERISPOMENI 1fc6
GREEK SMALL LETTER ETA WITH PERISPOMENI AND YPOGEGRAMMENI 1fc7
GREEK SMALL LETTER ETA WITH PSILI 1f20
GREEK SMALL LETTER ETA WITH PSILI AND OXIA 1f24
GREEK SMALL LETTER ETA WITH PSILI AND OXIA AND YPOGEGRAMMENI 1f94
GREEK SMALL LETTER ETA WITH PSILI AND PERISPOMENI 1f26
GREEK SMALL LETTER ETA WITH PSILI AND PERISPOMENI AND YPOGEGRAMMENI 1f96
GREEK SMALL LETTER ETA WITH PSILI AND VARIA 1f22
GREEK SMALL LETTER ETA WITH TONOS 03ae
GREEK SMALL LETTER ETA WITH VARIA 1f74
GREEK SMALL LETTER ETA WITH VARIA AND YPOGEGRAMMENI 1fc2
GREEK SMALL LETTER ETA WITH YPOGEGRAMMENI 1fc3
GREEK SMALL LETTER FINAL SIGMA 03c2
GREEK SMALL LETTER GAMMA 03b3
GREEK SMALL LETTER IOTA 03b9
GREEK SMALL LETTER IOTA WITH DASIA 1f31
GREEK SMALL LETTER IOTA WITH DASIA AND OXIA 1f35
GREEK SMALL LETTER IOTA WITH DASIA AND PERISPOMENI 1f37
GREEK SMALL LETTER IOTA WITH DIALYTIKA 03ca
GREEK SMALL LETTER IOTA WITH DIALYTIKA AND TONOS 0390
GREEK SMALL LETTER IOTA WITH MACRON 1fd1
GREEK SMALL LETTER IOTA WITH PERISPOMENI 1fd6
GREEK SMALL LETTER IOTA WITH PSILI 1f30
GREEK SMALL LETTER IOTA WITH PSILI AND OXIA 1f34
GREEK SMALL LETTER IOTA WITH PSILI AND PERISPOMENI 1f36
GREEK SMALL LETTER IOTA WITH TONOS 03af
GREEK SMALL LETTER IOTA WITH VARIA 1f76
GREEK SMALL LETTER KAPPA 03ba
GREEK SMALL LETTER LAMDA 03bb
GREEK SMALL LETTER MU 03bc
GREEK SMALL LETTER NU 03bd
GREEK SMALL LETTER OMEGA 03c9
GREEK SMALL LETTER OMEGA WITH DASIA 1f61
GREEK SMALL LETTER OMEGA WITH DASIA AND OXIA 1f65
GREEK SMALL LETTER OMEGA WITH DASIA AND PERISPOMENI 1f67
GREEK SMALL LETTER OMEGA WITH DASIA AND PERISPOMENI AND YPOGEGRAMMENI 1fa7
GREEK SMALL LETTER OMEGA WITH DASIA AND VARIA 1f63
GREEK SMALL LETTER OMEGA WITH PERISPOMENI 1ff6
GREEK SMALL LETTER OMEGA WITH PERISPOMENI AND YPOGEGRAMMENI 1ff7
GREEK SMALL LETTER OMEGA WITH PSILI 1f60
GREEK SMALL LETTER OMEGA WITH PSILI AND OXIA 1f64
GREEK SMALL LETTER OMEGA WITH PSILI AND OXIA AND YPOGEGRAMMENI 1fa4
GREEK SMALL LETTER OMEGA WITH PSILI AND PERISPOMENI 1f66
GREEK SMALL LETTER OMEGA WITH PSILI AND VARIA 1f62
GREEK SMALL LETTER OMEGA WITH TONOS 03ce
GREEK SMALL LETTER OMEGA WITH VARIA 1f7c
GREEK SMALL LETTER OMEGA WITH YPOGEGRAMMENI 1ff3
GREEK SMALL LETTER OMICRON 03bf
GREEK SMALL LETTER OMICRON WITH DASIA 1f41
GREEK SMALL LETTER OMICRON WITH DASIA AND OXIA 1f45
GREEK SMALL LETTER OMICRON WITH DASIA AND VARIA 1f43
GREEK SMALL LETTER OMICRON WITH PSILI 1f40
GREEK SMALL LETTER OMICRON WITH PSILI AND OXIA 1f44
GREEK SMALL LETTER OMICRON WITH TONOS 03cc
GREEK SMALL LETTER OMICRON WITH VARIA 1f78
GREEK SMALL LETTER PHI 03c6
GREEK SMALL LETTER PI 03c0
GREEK SMALL LETTER PSI 03c8
GREEK SMALL LETTER RHO 03c1
GREEK SMALL LETTER RHO WITH DASIA 1fe5
GREEK SMALL LETTER RHO WITH PSILI 1fe4
GREEK SMALL LETTER SIGMA 03c3
GREEK SMALL LETTER TAU 03c4
GREEK SMALL LETTER THETA 03b8
GREEK SMALL LETTER UPSILON 03c5
GREEK SMALL LETTER UPSILON WITH DASIA 1f51
GREEK SMALL LETTER UPSILON WITH DASIA AND OXIA 1f55
GREEK SMALL LETTER UPSILON WITH DASIA AND PERISPOMENI 1f57
GREEK SMALL LETTER UPSILON WITH MACRON 1fe1
GREEK SMALL LETTER UPSILON WITH PERISPOMENI 1fe6
GREEK SMALL LETTER UPSILON WITH PSILI 1f50
GREEK SMALL LETTER UPSILON WITH PSILI AND OXIA 1f54
GREEK SMALL LETTER UPSILON WITH PSILI AND PERISPOMENI 1f56
GREEK SMALL LETTER UPSILON WITH TONOS 03cd
GREEK SMALL LETTER UPSILON WITH VARIA 1f7a
GREEK SMALL LETTER XI 03be
GREEK SMALL LETTER ZETA 03b6
HYPHEN-MINUS 002d
LATIN CAPITAL LETTER A 0041
LATIN CAPITAL LETTER B 0042
LATIN CAPITAL LETTER C 0043
LATIN CAPITAL LETTER D 0044
LATIN CAPITAL LETTER E 0045
LATIN CAPITAL LETTER F 0046
LATIN CAPITAL LETTER G 0047
LATIN CAPITAL LETTER H 0048
LATIN CAPITAL LETTER I 0049
LATIN CAPITAL LETTER J 004a
LATIN CAPITAL LETTER K 004b
LATIN CAPITAL LETTER L 004c
LATIN CAPITAL LETTER M 004d
LATIN CAPITAL LETTER N 004e
LATIN CAPITAL LETTER O 004f
LATIN CAPITAL LETTER P 0050
LATIN CAPITAL LETTER Q 0051
LATIN CAPITAL LETTER R 0052
LATIN CAPITAL LETTER S 0053
LATIN CAPITAL LETTER T 0054
LATIN CAPITAL LETTER U 0055
LATIN CAPITAL LETTER V 0056
LATIN CAPITAL LETTER W 0057
LATIN CAPITAL LETTER X 0058
LATIN CAPITAL LETTER Z 005a
LATIN SMALL LETTER A 0061
LATIN SMALL LETTER B 0062
LATIN SMALL LETTER C 0063
LATIN SMALL LETTER D 0064
LATIN SMALL LETTER E 0065
LATIN SMALL LETTER F 0066
LATIN SMALL LETTER G 0067
LATIN SMALL LETTER H 0068
LATIN SMALL LETTER I 0069
LATIN SMALL LETTER J 006a
LATIN SMALL LETTER K 006b
LATIN SMALL LETTER L 006c
LATIN SMALL LETTER M 006d
LATIN SMALL LETTER N 006e
LATIN SMALL LETTER O 006f
LATIN SMALL LETTER P 0070
LATIN SMALL LETTER Q 0071
LATIN SMALL LETTER R 0072
LATIN SMALL LETTER S 0073
LATIN SMALL LETTER T 0074
LATIN SMALL LETTER U 0075
LATIN SMALL LETTER V 0076
LATIN SMALL LETTER W 0077
LATIN SMALL LETTER X 0078
LATIN SMALL LETTER Y 0079
LATIN SMALL LETTER Z 007a
LEFT PARENTHESIS 0028
LEFT SINGLE QUOTATION MARK 2018
LEFT SQUARE BRACKET 005b
LOW LINE 005f
MATHEMATICAL LEFT ANGLE BRACKET 27e8
MIDDLE DOT 00b7
MODIFIER LETTER APOSTROPHE 02bc
MODIFIER LETTER PRIME 02b9
QUESTION MARK 003f
RIGHT PARENTHESIS 0029
RIGHT SINGLE QUOTATION MARK 2019
RIGHT SQUARE BRACKET 005d
SECTION SIGN 00a7
SEMICOLON 003b
SPACE 0020
ἜΐξἍἦVz uγ?ἈἰὅTwDὤϊ,⟨ςmωἌΒBΔἄSῳῖὕἡPΑΕΗΥ:sῶὗgIAζὖ5WQcὈΣ’ᾖΘὩμ(ὨἷὶvdἘῃlMῄFnᾄqδΜ1ῡὀpάΧόὥἝίἁῂ-‘ὍᾶὣὑiὰKᾔὴr.ὸᾤ0κηᾳθHἂbἴj!ʹRy2ἧῷχtἅ8fνἩὧZΛοΤΚΝἑἔῦἀἮC[τὐὉλx*Ιι6έεὦhokῥἶʼOῆ·3φΦὁΡὔᾧρΓσα]ὡ)ήψ§ἙἵὢἕΨὠ74_eἠὮἃGΖἐὼἥβυὲὺLNἱύᾷἢῑXUJπ;ῤEΠὃώΟἤ9ὄaῇ
there are  224  chars
there are  142  total greek chars
there are  82  other chars
