'deutung und Zweck der That auszukundſchaften. Damit beginntbald auf der Spähe, um den Urheber feſtzuſtellen und Be⸗lichen Daſeins, welche die Gottheit, welche die Mitwelt ſetzt.würdige Seite und zarte Gefühle der Zuneigung und Freund⸗ſchaft in dem Verhältnis des Aias zu ſeiner Gemahlin Tekmessa,ſeinem Sohn Euryſakes, ſeinen Mannen, ſeiner Heimat, zudas Spröde und Schroffe des Charakters durch eine liebens⸗ſeinem Vater Telamon und ſeiner Mutter Eriböa gemildert. -Eine Homeriſche Überlieferung ist auch der Streit um dieWaffen des Achilleus und der Tod des Aias als Folge dieſesArktinos von Milet (um 770 v. Ehr.) entſteht ein Kampf umStreites ( λ 543 ff.). - Die weitere Ausſchmückung und näheredie Handlung.Motivierung dieſer Sage ſowie der Selbſtmord des Aias ge⸗hören dem nachhomeriſchen Epos an. Nach der Äthiopis desdie Leiche des Achilleus: Aias trägt die Leiche davon, währendOdyſſeus die Feinde abwehrt. Nach den Leichenſpielen werdendie Waffen des Achilleus von ſeiner Mutter Thetis als Preisausgeſetzt; Aias und Odyſſeus bewerben ſich darum. Manwelche angeben ſollen, wer von beiden den Troianern mehrüberträgt die mißliche Entſcheidung troiſchen Kriegsgefangenen,Unheil zugefügt habe. Dieſe nennen den Odyſſeus. Der ge⸗Lesches von Mytilene (um 660 v. Ehr.) belauſchen Späher,N 312 f.) ſind die Grunbzüge der Charakteriſtik des HeldenMorgen mit ſeinem Schwerte. - In der „kleinen Jlias deswelche bei dem Streit um die Waffen ausgeſchickt werden, umkränkte Aias zieht ſich zurück und erſticht ſich am nächſtenJungfrauen, wie sie über das Verdienſt bei der Rettung derdas Urteil der Troianer auszukundſchaften, zwei troianiſcheSchon bei Homer (vgl. beſonders H 196 ff., P 634, H 288,vorgezeichnet. Bei Sophokles ſind dieſe Züge zur Entwicklungder Kataſtrophe und zur ethiſchen Motivierung des Untergangsdes herrlichen Mannes geſteigert einerſeits zu eiferſüchtigemDafür hat Sophokles, um das Intereſſe nicht abzuſchwächen,Ehrgefühl, andrerſeits zu Vermeſſenheit, ſtarrſinnigem Trotz,maßlosem Selbſtgefühl ohne Sinn für die Schranken des menſch⸗ΟΔΥΣΣΕΥΣ.ΑΙΑΣ.übertragen werden. Die lakoniſchen Hunde, welche bei der Jagd im Taygetosdienten, werden ſchon von Pindar Fragm. 83 als treffliche Spürhunde ge⸗kenne ich doch deutlich deine Stimme"). - ἐάν . . ᾖς, immer wie jetzt.-wird, und bezeichnet die unmittelbare, raſche Auffaſſung. 17. Die er⸗rühmt. 10. Das Epitheton ξιφοκτόνους vertritt die Stelle von αἵματιkann dir Auskunft geben. 14. Bei Sophokles kommt nur die Form ἈθάναOdyſſeus gibt an, warum er Athena ſofort erkannt habe. εὐμαθές iſt be⸗oder dem entſprechenden Participium an. Kr. II § 56, 13, 2. 16. ξυναρ-tont als Gegenſatz zu ἄποπτος (wenn ich dich auch nicht deutlich ſehe, er⸗hoch in den Wolken ſchwebt. - ὅμως ſchließt ſich dem Satze mit καὶ εἰ (ἐάν)10πάζω φρενί gibt kräftig die Metapher, die in συνίημι nicht mehr gefühltErfinder die Tyrrhener (Etrusker) galten, Äſch. Eum. 570 wegen ihresBeſtimmung liegt in Τυρσηνικῆς). Vgl. Hom. Σ 219. 18 f. Mit καὶ νῦν .ἄποπτος („in der Ferne geſehen") entſpricht der Illuſion, für welche Athenades Odyſſeus ſoll Αἴαντι τ. σ. eine überraſchende Erklärung zu ἀνδρὶ δυσ-ſchütternde und das Herz erbeben machende Stimme der Göttin wird ver⸗glichen mit der διάτορος Τυρσηνικὴ σάλπιγξ, wie die Drommete, als derenμενεῖ ſein. - σακεσφόρος heißt Aias als Träger des σάκος ἑπταβόειον (Hom.ſcharfen, ſchmetternden Tons genannt wird. - ὡς (φώνημα) κώδωνος (κώ-δων das Schalloch der Drommete iſt hier der bezeichnende Teil; die nähere13welches zu ἐπ’ ἀνδρὶ δυσμενεῖ β. κυκλοῦντα gehört, bestätigt Odyſſeusdie Übereinſtimmung mit ſeinem ſonſtigen Thun (2). Nach dem SinneH 219 Αἴας δ’ ἐγγύθεν ἦλθε φέρων σάκος ἠύτε πύργον). Vgl. 576.ἔνδον γὰρ ἁνὴρ ἄρτι τυγχάνει, κάρακαί σ’ οὐδὲν εἴσω τῆσδε παπταίνειν πύληςστάζων ἱδρῶτι καὶ χέρας ξιφοκτόνους.ὡς εὐμαθές σου, κἂν ἄποπτος ᾖς ὅμως,φώνημ’ ἀκούω καὶ ξυναρπάζω φρενὶχαλκοστόμου κώδωνος ὡς Τυρσηνικῆς.ἔτ’ ἔργον ἐστίν, ἐννέπειν δ’ ὅτου χάριν20σπουδὴν ἔθου τήνδ’, ὡς παρ’ εἰδυίας μάθῃς.ὦ φθέγμ’ Ἀθάνας, φιλτάτης ἐμοὶ θεῶν,βάσιν κυκλοῦντ’, Αἴαντι τῷ σακεσφόρῳ·κεῖνον γάρ, οὐδέν’ ἄλλον, ἰχνεύω πάλαι.καὶ νῦν ἐπέγνως εὖ μ’ ἐπ’ ἀνδρὶ δυσμενεῖ15zu erkennen gibt, wie oft Epitheta von der Perſon auf die Handlungmöchte. εὔρινος (Nebenform zu εὔρις) bei βάσις worin τὸ εὕρινον ſich(στάζων). 13. ὅτου.. μάθῃς d. i. ſage mir, was du erfahren willſt: ichvor, bei Äſchylos auch die alte, feierliche Form Ἀθηναία. 15. ὡς iſt cauſal.ΑΙΑΣ.970geschloſſenen Verſe ſtehen mit dem Vorhergehenden nicht in Zuſammen⸗dieſer Verſe wird auch 915-924=961 -973. 969. Nach dem Gedankenerhielte der Vers mit τί δῆτα τἀνδρὸς ἐγγελῷεν ἂν κάτα. 970 f. Dieetwas anderer Weiſe wiedergebende Interpolation. Nach AusſcheibungKache freuen und rühmen. Dieſem Sinne entſpricht auch der Dativθεοῖς . . κείνοις; „die Götter, nicht jene ſind bei ſeinem Tod beteiligt".werden folgt der Gedanke „übrigens ist ihr Hohn unbegründet". -μανιάσιν νόσοις 59. 959. ξύν τε (γελῶσι) wie 1288, Ant. 85 κρυφῇ963. οἰμώξειαν d. i. ſchmerzlich vermiſſen. - ἐν χρείᾳ δ., bei dem Be⸗δὲ κεῦθε, σὺν δ’ αὕτως ἐγώ. Kr. II § 68, 2, 2. 962. βλέποντα, ζῶντα.965dürfnis des Kampfes, wenn ſie ihn im Kampfe brauchen könnten. Zur(„er frönt mit Höhnen ſeinem finſteren Sinn"). 956. πολύτλας (nachdenique homines nostra intellegimus bona, quom quae in potestateodimus, sublatam ex oculis quaerimus invidi. 966, Die ein⸗hang und kennzeichnen ſich als eine den Gedanken von 970-973 inFeinde können ſich des Todes des Aias nicht als eines Werkes ihrerἐπεγγελᾶν κατά wie Öd. K. 1339 καθ’ ἡμῶν ἐγγελῶν. Die richtige Form„ſie mögen hohnlachen; vielleicht werden ſie eines Beſſeren belehrtΤΕΚ. οἳ δ’ οὖν γελώντων κἀπιχαιρόντων κακοῖςπολὺν γέλωτα, φεῦ, φεῦ,960τοῖς τοῦδ’· ἴσως τοι, κεἰ βλέποντα μὴ ἐπόθουν,θανόντ’ ἂν οἰμώξειαν ἐν χρείᾳ δορός.αὑτῷ δὲ τερπνός· ὧν γὰρ ἠράσθη τυχεῖν,θεοῖς τέθνηκεν οὗτος, οὐ κείνοισιν, οὔ.οἱ γὰρ κακοὶ γνώμαισι τἀγαθὸν χεροῖνἐκτήσαθ’ αὑτῷ, θάνατον ὅνπερ ἤθελεν.]γελᾷ δὲ τοῖσι μαινομένοις ἄχεσινἔχοντες οὐκ ἴσασι, πρίν τις ἐκβάλῃ.τί δῆτα τοῦδ’ ἐπεγγελῷεν ἂν κάτα;[ἐμοὶ πικρὸς τέθνηκεν, ᾗ κείνοις γλυκύς,Acc. des inneren Objekts zu ἐφυβρίζει, an die Stelle von ὕβριν tretendπολύτλας ἀνήρ,κλύοντες Ἀτρεῖδαι.ξύν τε διπλοῖ βασιλῆςHomer) ironiſch. 957. μαινομένοις von der Perſon übertragen. Vgl.Kr. I § 46, 4, 1. Cu. § 172 b. Ko. § 85, 6. Ku. § 39. 965. πρὶνSache vgl. Hom. P 109. 964. κακοὶ γνώμαισι, κακοὶ τὰς γνώμας.ohne ἄν: zu 555. - τὶς ἐκβάλῃ, ἐκβάλωσι. Vgl. Plaut. Captiv. 142 tumhabuimus, ea amisimus, Hor. carm. III 24, 31 virtutem incolumemΣΟΦΟΚΛΕΟΥΣ1080ſcheut, vor Augen ſteht.- Der Schol. führt einen Spruch des Epicharmvorſchwebende allgemeine Begriff (τίς) Kr. I § 61, 4, 5. - παρῇ: zu 496.ἐξ οὐρίας πλεῖν, κομίζεσθαι (Beiſpiele bei Lobeck). In demſelben Sinneſteht οὔρια θεῖν (mit günſtigem Winde fahren). - πεσεῖν: das Futurumſtellend, heilſam. - Vgl. Aſch. Eum. 520 ἔσθ’ ὅπου τὸ δεινὸν εὖ .αἰδομένων ἀνδρῶν πλέονες σόοι ἠὲ πέφανται, Ant. 675 f. 1081 7, ὅπου . . ταύτηνwird durch χρόνῳ ποτὲ („früher oder ſpäter") vertreten. 1084. καὶ δέος,Cu. § 153, 3, Kr. § 83, Ku. § 25, 3. - Der Endreim hebt das Gleich⸗84kles nach Analogie von φύειν (πώγωνα, πτερά, ὀδόντας) gebraucht. -pareat. 1076. πρόβλημα δ. i. dem nicht etwas, das er fürchtet undauch Furcht, nicht bloß Willkür. - καίριον, zu rechter Zeit ſich ein⸗(willkürlich ſchalten und walten): Subjekt iſt der bei ὑβρίζειν δρᾶν τε1083. Es findet ſich ἐξ οὐρίων (πνευμάτων) θεῖν, πλεῖν, φέρεσθαι wieΤΕΥ. οὐκ ἄν ποτ’, ἄνδρες, ἄνδρα θαυμάσαιμ’ ἔτι,ΧΟ. Μενέλαε, μὴ γνώμας ὑποστήσας σοφὰςοὐκ ἀντιτίσειν αὖθις ἃν λυπώμεθα.μὴ τόνδε θάπτων αὐτὸς εἰς ταφὰς πέσῃς. 1090καί σοι προφωνῶ τόνδε μὴ θάπτειν, ὅπωςκαὶ μὴ δοκῶμεν, δρῶντες ἃν ἡδώμεθα, 1085αἴθων ὑβριστής, νῦν δ’ ἐγὼ μέγ’ αὖ φρονῶ.Haltpunkt jeder geſellſchaftlichen Ordnung. 1077. γεννήσῃ hat Sopho⸗εἶτ’ αὐτὸς ἐν θανοῦσιν ὑβριστὴς γένῃ.ἐξ οὐρίων δραμοῦσαν ἐς βυθὸν πεσεῖν.ὃς μηδὲν ὢν γοναῖσιν εἶθ’ ἁμαρτάνει,ταύτην νόμιζε τὴν πόλιν χρόνῳ ποτὲμηδὲν φόβου πρόβλημα μηδ’ αἰδοῦς ἔχων.ἀλλ’ ἄνδρα χρή, κἂν σῶμα γεννήσῃ μέγα,ὅπου δ’ ὑβρίζειν δρᾶν θ’ ἃ βούλεται παρῇ,δοκεῖν πεσεῖν ἂν κἂν ἀπὸ σμικροῦ κακοῦ.δέος γὰρ ᾧ πρόσεστιν αἰσχύνη θ’ ὁμοῦ,σωτηρίαν ἔχοντα τόνδ’ ἐπίστασο·μέγα proleptiſches Prädikat wie δεινόν 1124. 1080. Vgl. Hom. E 351ἕρπει παραλλὰξ ταῦτα· πρόσθεν οὗτος ἦνἀλλ’ ἑστάτω μοι καὶ δέος τι καίριον,ξυμφέρει σωφρονεῖν ὑπὸ στένει. 1085 f. Über ἥδεσθαί τι Kr. I § 46, 6, 9,an: ἔνθα δέος, ἐνταῦθα καὶ αἰδώς. Die Furcht galt den Griechen alsτὴν πόλιν wie Phil. 456 ὅπου . . τούτους τοὺς ἄνδρας. - δρᾶν ἃ βούλεταιmäßige des Inhalts. 1090. Vgl. Eur. Phön. 1657 Antigone: ἐγώ σφεθάψω, κἂν ἀπεννέπῃ πόλις. Kreon: σαυτὴν ἄρ’ ἐγγὺς τῷδε συνθάψεις νεκρῷ.Anhang.fehlende Vers τὸ μὴ φρονεῖν γὰρ κάρτ’ ἀνώδυνον κακόν iſt von Valckenaerλύξωμαι f. ἐξαλεύσωμαι Heſych. 668 μήν f. μή Linwood. 675 ἐκ f.μένον f. σεσωσμένον.Ἀθάνας (aus 757) Mehlhorn. 776 τοι f. τοῖς Hermann. 782 κεῖνον(d. i. λειμῶνι, λειμῶνα) ποίαι μήλων. 603 εὐνῶμαι f. εὐνόμᾳ (Trikliniosἐν Bothe. 678 λέγω f. ἐγώ. 685 τάχους f. τέλους Hartung. 692 σεσω-δατον φατίσαιμ’ f. ἀναύδητον φατίξαιμ’ Lobeck. 737 ἰοὺ ἰού f. ἰοὺ ἰοὺἰού Turnebus. 743 κέρδιον f. κέρδιστον Nauck. 747 πάρει f. πέριSchneidewin. 755 πέρα f. ποτέ. 756 τῇδ’ ἔθ’ f. τῇδέ θ’ Bothe. 758κἀνόητα f. κἀνόνητα Suidas. 764 zu 515. 771 δίαν Ἀθάναν f. δίαςepigr. S. 60. 714 μαραίνει f. μαραίνει τε καὶ φλέγει Heath. 715 ἀναύ-als Randbemerkung erkannt worden. 571 hat Elmsley als unecht er⸗f. Τεῦκρος. 794 θυραῖός γ’ 7. θυραῖος Elmsley. 799 Αἴαντι θεσπίζειf. Αἴαντος ἐλπίζει. - κυρεῖν f. φέρειν Enger.λαβεῖν f. κακήν. 822 κτανεῖν f. θανεῖν Morſtadt. 863 τροφῆς f. τρο-φεῖς Brunck. 869 ἐφίστα τοῦ f. ἐπίσταται M. Seyffert. 879 δῆτά μοιf. δή μοι Hermann. 884 ποταμῶν f. ποταμῶν ἴδρις geringere Hand⸗Theodoſ. S. 554, 10.ſchriften. 891 ἰώ f. ἰὼ ἰώ Turnebus. 896 ᾤχωκ’ f. οἴχωκ’ Chörob. inmann. 956 πολύτλας f. ὁ πολύτλας Porſon. 957 τοῖσι f. τοῖς Triklinios.966 ᾗ f. ἤ Schneidewin. 966-968 haben Leutſch und Dindorf alsf. εἰ βαίη μόλοι Pantazides. 947 f. ἄναυδ’ ἔργ’ f. ἄναυδον ἔργον Her⸗kannt. 573 μήτε f. μήθ’ ὁ Schäfer.φύλαξα corr. ex φυλάξω). 919 φλεβός f. πληγῆς. 921 ἂν βαίη μολὼνunecht bezeichnet. 988 σθένουσι f. θανοῦσι M. Seyffert. 994 ὁδῶν θ’ἁπασῶν ὁδός f. ὁδός θ’ ὁδῶν ἀπασῶν Brunck.berg Zeitſch. f. d. Gymn. 1874 S. 620. 1056 ἕλοι δόρει f. ἕλοι δορί mitὠφελήσιμα f. ὠφελήσιμοι Johnſon. 1032 δωρειάν f. δωρεάν A. v. Bam⸗γρ. ἐλοιδόρει Hermann. Vgl. zu 515. 1095 λαχόντες f. θανόντες Mor⸗ſtadt. 1061 hat Nauck als unecht erklärt. 1062 εἵνεκ’ f. οὕνεκ’. Ebenſo1111, 1113. 1064 λευρὰν f. χλωρὰν Burges. 1071 ὄντα f. ἄνδρα Reiske.polation erkannt. 1117 ἕως f. ὡς Bonitz. 1129 σεσωμένος f. σεσωσ-601 Ἰδᾷδι f. Ἰδαῖαι Bergk. - λειμῶνι πάγων ἑλείων f. λειμώνια106704 εὔγνωτος f. εὔγνωστος. Vgl. den Commentar zu 717 u. curae801 f. ἥλιον τὸν νῦν ὃς f. ἡμέραν τὴν νῦν ὅτ’ Housman. 806905 ἔπαθε f. ἔπραξε. 916 ’κάλυψα f. καλύψω (vgl. 535, wo La1008 πού με f. που Toup. 1009 ἰδών f. ἴσως Hermann. 10221101 ἦγεν f. ἡγεῖτ’ Porſon. 1105 f. hat Schneidewin als Inter⸗εὐνώμᾳ) Bergk. 610 ὤμοι f. ἰώ μοι μοί (ἰώ μοι) Brunck. 616 χεροῖντοι Erfurdt. 633 ἄμυγμα f. ἀμύγματα Bothe. 635 ὁ νοσῶν f. ἢ νοσῶνLobeck. 636 εὖ f. ἐκ Burges. 645 δίων f. αἰών Reiske. 656 ἐξα-f. χερσὶν u. μεγίστας f. μέγιστ’ Triklinios. 624 σύντροφος f. ἔντροφοςRauck. 625 λευκὰ f. λευκῷ Schneidewin. 631 χερόπλακτοι f. χερόπληκ-'
total chars: 11257
total greek: 3268
total common punct: 2817
uniquely greek + punct: 6085
portion def. not Greek, 0.45944745491694056
191
{'ὕ', 'ὴ', 'h', 'ς', 'ῃ', 'ύ', 'ἥ', 'ὖ', 'Φ', 'φ', 'ὀ', 'U', 'e', '·', 'η', 'χ', 'C', 'ά', 'd', 'Κ', 'S', 'ᾤ', '(', 'ο', ']', 'β', ':', '8', 'l', 'b', 'Χ', 'H', 'ψ', 'F', 'N', 'f', 'A', 'ἕ', 'G', 'B', 'ὺ', 'α', 'ῇ', 's', 'K', 'M', 'ᾶ', 'Z', 'ἃ', '.', ')', 'Τ', 'δ', 'ἤ', 'ή', '1', 'Σ', 'u', 'J', 'μ', 'ἵ', 'ἂ', ';', 'r', 'ῷ', 'ἰ', 'ᾖ', '„', 'ᾧ', 'ὁ', 'ἢ', '§', '2', 'ξ', 'ὄ', 'ᾳ', 'ἁ', 'σ', 'a', 'ἐ', 'ἔ', 'ῆ', 'ö', 'έ', 'ἀ', ' ', 'm', 'V', 'z', 'ζ', 'υ', 'ὧ', 'ἦ', 'ῖ', 'ε', 'Ἀ', 'ἴ', 'ὲ', 'ä', 'ώ', 'ὡ', 'ἄ', 'ν', 'ὤ', '=', 'j', 'q', 'Ι', 'ρ', '0', 'L', 'v', 'Δ', ',', 'ω', 'ἑ', 'Ο', 'λ', 'ᾷ', 'ſ', 'ἶ', '[', 'n', 't', 'ὗ', 'W', 'ἠ', 'ῶ', 'ό', 'τ', 'o', 'g', 'ὃ', 'y', 'p', 'T', 'ὅ', 'ὰ', 'O', 'Ö', 'Ü', '9', '-', 'x', 'w', 'κ', 'P', '7', '5', 'ὸ', 'ἳ', 'π', 'ὼ', '⸗', 'ü', '’', 'ὢ', 'Ε', 'ὑ', 'ὦ', '6', 'ὶ', 'ι', 'ῦ', 'ß', 'Μ', 'D', 'ί', 'i', '"', 'k', 'c', 'ἡ', 'ἱ', '4', 'R', 'Λ', 'Ἰ', 'γ', 'ὐ', 'Υ', '3', 'Α', 'ᾗ', 'ῳ', 'ὔ', 'E', 'Ä', 'θ', 'ὠ', 'I'}
ὕ
GREEK SMALL LETTER UPSILON WITH DASIA AND OXIA
ὴ
GREEK SMALL LETTER ETA WITH VARIA
h
LATIN SMALL LETTER H
	 this is not a greek char
ς
GREEK SMALL LETTER FINAL SIGMA
ῃ
GREEK SMALL LETTER ETA WITH YPOGEGRAMMENI
ύ
GREEK SMALL LETTER UPSILON WITH TONOS
ἥ
GREEK SMALL LETTER ETA WITH DASIA AND OXIA
ὖ
GREEK SMALL LETTER UPSILON WITH PSILI AND PERISPOMENI
Φ
GREEK CAPITAL LETTER PHI
φ
GREEK SMALL LETTER PHI
ὀ
GREEK SMALL LETTER OMICRON WITH PSILI
U
LATIN CAPITAL LETTER U
	 this is not a greek char
e
LATIN SMALL LETTER E
	 this is not a greek char
·
MIDDLE DOT
η
GREEK SMALL LETTER ETA
χ
GREEK SMALL LETTER CHI
C
LATIN CAPITAL LETTER C
	 this is not a greek char
ά
GREEK SMALL LETTER ALPHA WITH TONOS
d
LATIN SMALL LETTER D
	 this is not a greek char
Κ
GREEK CAPITAL LETTER KAPPA
S
LATIN CAPITAL LETTER S
	 this is not a greek char
ᾤ
GREEK SMALL LETTER OMEGA WITH PSILI AND OXIA AND YPOGEGRAMMENI
(
LEFT PARENTHESIS
ο
GREEK SMALL LETTER OMICRON
]
RIGHT SQUARE BRACKET
β
GREEK SMALL LETTER BETA
:
COLON
8
DIGIT EIGHT
l
LATIN SMALL LETTER L
	 this is not a greek char
b
LATIN SMALL LETTER B
	 this is not a greek char
Χ
GREEK CAPITAL LETTER CHI
H
LATIN CAPITAL LETTER H
	 this is not a greek char
ψ
GREEK SMALL LETTER PSI
F
LATIN CAPITAL LETTER F
	 this is not a greek char
N
LATIN CAPITAL LETTER N
	 this is not a greek char
f
LATIN SMALL LETTER F
	 this is not a greek char
A
LATIN CAPITAL LETTER A
	 this is not a greek char
ἕ
GREEK SMALL LETTER EPSILON WITH DASIA AND OXIA
G
LATIN CAPITAL LETTER G
	 this is not a greek char
B
LATIN CAPITAL LETTER B
	 this is not a greek char
ὺ
GREEK SMALL LETTER UPSILON WITH VARIA
α
GREEK SMALL LETTER ALPHA
ῇ
GREEK SMALL LETTER ETA WITH PERISPOMENI AND YPOGEGRAMMENI
s
LATIN SMALL LETTER S
	 this is not a greek char
K
LATIN CAPITAL LETTER K
	 this is not a greek char
M
LATIN CAPITAL LETTER M
	 this is not a greek char
ᾶ
GREEK SMALL LETTER ALPHA WITH PERISPOMENI
Z
LATIN CAPITAL LETTER Z
	 this is not a greek char
ἃ
GREEK SMALL LETTER ALPHA WITH DASIA AND VARIA
.
FULL STOP
)
RIGHT PARENTHESIS
Τ
GREEK CAPITAL LETTER TAU
δ
GREEK SMALL LETTER DELTA
ἤ
GREEK SMALL LETTER ETA WITH PSILI AND OXIA
ή
GREEK SMALL LETTER ETA WITH TONOS
1
DIGIT ONE
Σ
GREEK CAPITAL LETTER SIGMA
u
LATIN SMALL LETTER U
	 this is not a greek char
J
LATIN CAPITAL LETTER J
	 this is not a greek char
μ
GREEK SMALL LETTER MU
ἵ
GREEK SMALL LETTER IOTA WITH DASIA AND OXIA
ἂ
GREEK SMALL LETTER ALPHA WITH PSILI AND VARIA
;
SEMICOLON
r
LATIN SMALL LETTER R
	 this is not a greek char
ῷ
GREEK SMALL LETTER OMEGA WITH PERISPOMENI AND YPOGEGRAMMENI
ἰ
GREEK SMALL LETTER IOTA WITH PSILI
ᾖ
GREEK SMALL LETTER ETA WITH PSILI AND PERISPOMENI AND YPOGEGRAMMENI
„
DOUBLE LOW-9 QUOTATION MARK
	 this is not a greek char
ᾧ
GREEK SMALL LETTER OMEGA WITH DASIA AND PERISPOMENI AND YPOGEGRAMMENI
ὁ
GREEK SMALL LETTER OMICRON WITH DASIA
ἢ
GREEK SMALL LETTER ETA WITH PSILI AND VARIA
§
SECTION SIGN
	 this is not a greek char
2
DIGIT TWO
ξ
GREEK SMALL LETTER XI
ὄ
GREEK SMALL LETTER OMICRON WITH PSILI AND OXIA
ᾳ
GREEK SMALL LETTER ALPHA WITH YPOGEGRAMMENI
ἁ
GREEK SMALL LETTER ALPHA WITH DASIA
σ
GREEK SMALL LETTER SIGMA
a
LATIN SMALL LETTER A
	 this is not a greek char
ἐ
GREEK SMALL LETTER EPSILON WITH PSILI
ἔ
GREEK SMALL LETTER EPSILON WITH PSILI AND OXIA
ῆ
GREEK SMALL LETTER ETA WITH PERISPOMENI
ö
LATIN SMALL LETTER O WITH DIAERESIS
	 this is not a greek char
έ
GREEK SMALL LETTER EPSILON WITH TONOS
ἀ
GREEK SMALL LETTER ALPHA WITH PSILI
 
SPACE
m
LATIN SMALL LETTER M
	 this is not a greek char
V
LATIN CAPITAL LETTER V
	 this is not a greek char
z
LATIN SMALL LETTER Z
	 this is not a greek char
ζ
GREEK SMALL LETTER ZETA
υ
GREEK SMALL LETTER UPSILON
ὧ
GREEK SMALL LETTER OMEGA WITH DASIA AND PERISPOMENI
ἦ
GREEK SMALL LETTER ETA WITH PSILI AND PERISPOMENI
ῖ
GREEK SMALL LETTER IOTA WITH PERISPOMENI
ε
GREEK SMALL LETTER EPSILON
Ἀ
GREEK CAPITAL LETTER ALPHA WITH PSILI
ἴ
GREEK SMALL LETTER IOTA WITH PSILI AND OXIA
ὲ
GREEK SMALL LETTER EPSILON WITH VARIA
ä
LATIN SMALL LETTER A WITH DIAERESIS
	 this is not a greek char
ώ
GREEK SMALL LETTER OMEGA WITH TONOS
ὡ
GREEK SMALL LETTER OMEGA WITH DASIA
ἄ
GREEK SMALL LETTER ALPHA WITH PSILI AND OXIA
ν
GREEK SMALL LETTER NU
ὤ
GREEK SMALL LETTER OMEGA WITH PSILI AND OXIA
=
EQUALS SIGN
	 this is not a greek char
j
LATIN SMALL LETTER J
	 this is not a greek char
q
LATIN SMALL LETTER Q
	 this is not a greek char
Ι
GREEK CAPITAL LETTER IOTA
ρ
GREEK SMALL LETTER RHO
0
DIGIT ZERO
L
LATIN CAPITAL LETTER L
	 this is not a greek char
v
LATIN SMALL LETTER V
	 this is not a greek char
Δ
GREEK CAPITAL LETTER DELTA
,
COMMA
ω
GREEK SMALL LETTER OMEGA
ἑ
GREEK SMALL LETTER EPSILON WITH DASIA
Ο
GREEK CAPITAL LETTER OMICRON
λ
GREEK SMALL LETTER LAMDA
ᾷ
GREEK SMALL LETTER ALPHA WITH PERISPOMENI AND YPOGEGRAMMENI
ſ
LATIN SMALL LETTER LONG S
	 this is not a greek char
ἶ
GREEK SMALL LETTER IOTA WITH PSILI AND PERISPOMENI
[
LEFT SQUARE BRACKET
n
LATIN SMALL LETTER N
	 this is not a greek char
t
LATIN SMALL LETTER T
	 this is not a greek char
ὗ
GREEK SMALL LETTER UPSILON WITH DASIA AND PERISPOMENI
W
LATIN CAPITAL LETTER W
	 this is not a greek char
ἠ
GREEK SMALL LETTER ETA WITH PSILI
ῶ
GREEK SMALL LETTER OMEGA WITH PERISPOMENI
ό
GREEK SMALL LETTER OMICRON WITH TONOS
τ
GREEK SMALL LETTER TAU
o
LATIN SMALL LETTER O
	 this is not a greek char
g
LATIN SMALL LETTER G
	 this is not a greek char
ὃ
GREEK SMALL LETTER OMICRON WITH DASIA AND VARIA
y
LATIN SMALL LETTER Y
	 this is not a greek char
p
LATIN SMALL LETTER P
	 this is not a greek char
T
LATIN CAPITAL LETTER T
	 this is not a greek char
ὅ
GREEK SMALL LETTER OMICRON WITH DASIA AND OXIA
ὰ
GREEK SMALL LETTER ALPHA WITH VARIA
O
LATIN CAPITAL LETTER O
	 this is not a greek char
Ö
LATIN CAPITAL LETTER O WITH DIAERESIS
	 this is not a greek char
Ü
LATIN CAPITAL LETTER U WITH DIAERESIS
	 this is not a greek char
9
DIGIT NINE
-
HYPHEN-MINUS
x
LATIN SMALL LETTER X
	 this is not a greek char
w
LATIN SMALL LETTER W
	 this is not a greek char
κ
GREEK SMALL LETTER KAPPA
P
LATIN CAPITAL LETTER P
	 this is not a greek char
7
DIGIT SEVEN
5
DIGIT FIVE
ὸ
GREEK SMALL LETTER OMICRON WITH VARIA
ἳ
GREEK SMALL LETTER IOTA WITH DASIA AND VARIA
π
GREEK SMALL LETTER PI
ὼ
GREEK SMALL LETTER OMEGA WITH VARIA
⸗
DOUBLE OBLIQUE HYPHEN
	 this is not a greek char
ü
LATIN SMALL LETTER U WITH DIAERESIS
	 this is not a greek char
’
RIGHT SINGLE QUOTATION MARK
	 this is not a greek char
ὢ
GREEK SMALL LETTER OMEGA WITH PSILI AND VARIA
Ε
GREEK CAPITAL LETTER EPSILON
ὑ
GREEK SMALL LETTER UPSILON WITH DASIA
ὦ
GREEK SMALL LETTER OMEGA WITH PSILI AND PERISPOMENI
6
DIGIT SIX
ὶ
GREEK SMALL LETTER IOTA WITH VARIA
ι
GREEK SMALL LETTER IOTA
ῦ
GREEK SMALL LETTER UPSILON WITH PERISPOMENI
ß
LATIN SMALL LETTER SHARP S
	 this is not a greek char
Μ
GREEK CAPITAL LETTER MU
D
LATIN CAPITAL LETTER D
	 this is not a greek char
ί
GREEK SMALL LETTER IOTA WITH TONOS
i
LATIN SMALL LETTER I
	 this is not a greek char
"
QUOTATION MARK
	 this is not a greek char
k
LATIN SMALL LETTER K
	 this is not a greek char
c
LATIN SMALL LETTER C
	 this is not a greek char
ἡ
GREEK SMALL LETTER ETA WITH DASIA
ἱ
GREEK SMALL LETTER IOTA WITH DASIA
4
DIGIT FOUR
R
LATIN CAPITAL LETTER R
	 this is not a greek char
Λ
GREEK CAPITAL LETTER LAMDA
Ἰ
GREEK CAPITAL LETTER IOTA WITH PSILI
γ
GREEK SMALL LETTER GAMMA
ὐ
GREEK SMALL LETTER UPSILON WITH PSILI
Υ
GREEK CAPITAL LETTER UPSILON
3
DIGIT THREE
Α
GREEK CAPITAL LETTER ALPHA
ᾗ
GREEK SMALL LETTER ETA WITH DASIA AND PERISPOMENI AND YPOGEGRAMMENI
ῳ
GREEK SMALL LETTER OMEGA WITH YPOGEGRAMMENI
ὔ
GREEK SMALL LETTER UPSILON WITH PSILI AND OXIA
E
LATIN CAPITAL LETTER E
	 this is not a greek char
Ä
LATIN CAPITAL LETTER A WITH DIAERESIS
	 this is not a greek char
θ
GREEK SMALL LETTER THETA
ὠ
GREEK SMALL LETTER OMEGA WITH PSILI
I
LATIN CAPITAL LETTER I
	 this is not a greek char
COLON 003a
COMMA 002c
DIGIT EIGHT 0038
DIGIT FIVE 0035
DIGIT FOUR 0034
DIGIT NINE 0039
DIGIT ONE 0031
DIGIT SEVEN 0037
DIGIT SIX 0036
DIGIT THREE 0033
DIGIT TWO 0032
DIGIT ZERO 0030
DOUBLE LOW-9 QUOTATION MARK 201e
DOUBLE OBLIQUE HYPHEN 2e17
EQUALS SIGN 003d
FULL STOP 002e
GREEK CAPITAL LETTER ALPHA 0391
GREEK CAPITAL LETTER ALPHA WITH PSILI 1f08
GREEK CAPITAL LETTER CHI 03a7
GREEK CAPITAL LETTER DELTA 0394
GREEK CAPITAL LETTER EPSILON 0395
GREEK CAPITAL LETTER IOTA 0399
GREEK CAPITAL LETTER IOTA WITH PSILI 1f38
GREEK CAPITAL LETTER KAPPA 039a
GREEK CAPITAL LETTER LAMDA 039b
GREEK CAPITAL LETTER MU 039c
GREEK CAPITAL LETTER OMICRON 039f
GREEK CAPITAL LETTER PHI 03a6
GREEK CAPITAL LETTER SIGMA 03a3
GREEK CAPITAL LETTER TAU 03a4
GREEK CAPITAL LETTER UPSILON 03a5
GREEK SMALL LETTER ALPHA 03b1
GREEK SMALL LETTER ALPHA WITH DASIA 1f01
GREEK SMALL LETTER ALPHA WITH DASIA AND VARIA 1f03
GREEK SMALL LETTER ALPHA WITH PERISPOMENI 1fb6
GREEK SMALL LETTER ALPHA WITH PERISPOMENI AND YPOGEGRAMMENI 1fb7
GREEK SMALL LETTER ALPHA WITH PSILI 1f00
GREEK SMALL LETTER ALPHA WITH PSILI AND OXIA 1f04
GREEK SMALL LETTER ALPHA WITH PSILI AND VARIA 1f02
GREEK SMALL LETTER ALPHA WITH TONOS 03ac
GREEK SMALL LETTER ALPHA WITH VARIA 1f70
GREEK SMALL LETTER ALPHA WITH YPOGEGRAMMENI 1fb3
GREEK SMALL LETTER BETA 03b2
GREEK SMALL LETTER CHI 03c7
GREEK SMALL LETTER DELTA 03b4
GREEK SMALL LETTER EPSILON 03b5
GREEK SMALL LETTER EPSILON WITH DASIA 1f11
GREEK SMALL LETTER EPSILON WITH DASIA AND OXIA 1f15
GREEK SMALL LETTER EPSILON WITH PSILI 1f10
GREEK SMALL LETTER EPSILON WITH PSILI AND OXIA 1f14
GREEK SMALL LETTER EPSILON WITH TONOS 03ad
GREEK SMALL LETTER EPSILON WITH VARIA 1f72
GREEK SMALL LETTER ETA 03b7
GREEK SMALL LETTER ETA WITH DASIA 1f21
GREEK SMALL LETTER ETA WITH DASIA AND OXIA 1f25
GREEK SMALL LETTER ETA WITH DASIA AND PERISPOMENI AND YPOGEGRAMMENI 1f97
GREEK SMALL LETTER ETA WITH PERISPOMENI 1fc6
GREEK SMALL LETTER ETA WITH PERISPOMENI AND YPOGEGRAMMENI 1fc7
GREEK SMALL LETTER ETA WITH PSILI 1f20
GREEK SMALL LETTER ETA WITH PSILI AND OXIA 1f24
GREEK SMALL LETTER ETA WITH PSILI AND PERISPOMENI 1f26
GREEK SMALL LETTER ETA WITH PSILI AND PERISPOMENI AND YPOGEGRAMMENI 1f96
GREEK SMALL LETTER ETA WITH PSILI AND VARIA 1f22
GREEK SMALL LETTER ETA WITH TONOS 03ae
GREEK SMALL LETTER ETA WITH VARIA 1f74
GREEK SMALL LETTER ETA WITH YPOGEGRAMMENI 1fc3
GREEK SMALL LETTER FINAL SIGMA 03c2
GREEK SMALL LETTER GAMMA 03b3
GREEK SMALL LETTER IOTA 03b9
GREEK SMALL LETTER IOTA WITH DASIA 1f31
GREEK SMALL LETTER IOTA WITH DASIA AND OXIA 1f35
GREEK SMALL LETTER IOTA WITH DASIA AND VARIA 1f33
GREEK SMALL LETTER IOTA WITH PERISPOMENI 1fd6
GREEK SMALL LETTER IOTA WITH PSILI 1f30
GREEK SMALL LETTER IOTA WITH PSILI AND OXIA 1f34
GREEK SMALL LETTER IOTA WITH PSILI AND PERISPOMENI 1f36
GREEK SMALL LETTER IOTA WITH TONOS 03af
GREEK SMALL LETTER IOTA WITH VARIA 1f76
GREEK SMALL LETTER KAPPA 03ba
GREEK SMALL LETTER LAMDA 03bb
GREEK SMALL LETTER MU 03bc
GREEK SMALL LETTER NU 03bd
GREEK SMALL LETTER OMEGA 03c9
GREEK SMALL LETTER OMEGA WITH DASIA 1f61
GREEK SMALL LETTER OMEGA WITH DASIA AND PERISPOMENI 1f67
GREEK SMALL LETTER OMEGA WITH DASIA AND PERISPOMENI AND YPOGEGRAMMENI 1fa7
GREEK SMALL LETTER OMEGA WITH PERISPOMENI 1ff6
GREEK SMALL LETTER OMEGA WITH PERISPOMENI AND YPOGEGRAMMENI 1ff7
GREEK SMALL LETTER OMEGA WITH PSILI 1f60
GREEK SMALL LETTER OMEGA WITH PSILI AND OXIA 1f64
GREEK SMALL LETTER OMEGA WITH PSILI AND OXIA AND YPOGEGRAMMENI 1fa4
GREEK SMALL LETTER OMEGA WITH PSILI AND PERISPOMENI 1f66
GREEK SMALL LETTER OMEGA WITH PSILI AND VARIA 1f62
GREEK SMALL LETTER OMEGA WITH TONOS 03ce
GREEK SMALL LETTER OMEGA WITH VARIA 1f7c
GREEK SMALL LETTER OMEGA WITH YPOGEGRAMMENI 1ff3
GREEK SMALL LETTER OMICRON 03bf
GREEK SMALL LETTER OMICRON WITH DASIA 1f41
GREEK SMALL LETTER OMICRON WITH DASIA AND OXIA 1f45
GREEK SMALL LETTER OMICRON WITH DASIA AND VARIA 1f43
GREEK SMALL LETTER OMICRON WITH PSILI 1f40
GREEK SMALL LETTER OMICRON WITH PSILI AND OXIA 1f44
GREEK SMALL LETTER OMICRON WITH TONOS 03cc
GREEK SMALL LETTER OMICRON WITH VARIA 1f78
GREEK SMALL LETTER PHI 03c6
GREEK SMALL LETTER PI 03c0
GREEK SMALL LETTER PSI 03c8
GREEK SMALL LETTER RHO 03c1
GREEK SMALL LETTER SIGMA 03c3
GREEK SMALL LETTER TAU 03c4
GREEK SMALL LETTER THETA 03b8
GREEK SMALL LETTER UPSILON 03c5
GREEK SMALL LETTER UPSILON WITH DASIA 1f51
GREEK SMALL LETTER UPSILON WITH DASIA AND OXIA 1f55
GREEK SMALL LETTER UPSILON WITH DASIA AND PERISPOMENI 1f57
GREEK SMALL LETTER UPSILON WITH PERISPOMENI 1fe6
GREEK SMALL LETTER UPSILON WITH PSILI 1f50
GREEK SMALL LETTER UPSILON WITH PSILI AND OXIA 1f54
GREEK SMALL LETTER UPSILON WITH PSILI AND PERISPOMENI 1f56
GREEK SMALL LETTER UPSILON WITH TONOS 03cd
GREEK SMALL LETTER UPSILON WITH VARIA 1f7a
GREEK SMALL LETTER XI 03be
GREEK SMALL LETTER ZETA 03b6
HYPHEN-MINUS 002d
LATIN CAPITAL LETTER A 0041
LATIN CAPITAL LETTER A WITH DIAERESIS 00c4
LATIN CAPITAL LETTER B 0042
LATIN CAPITAL LETTER C 0043
LATIN CAPITAL LETTER D 0044
LATIN CAPITAL LETTER E 0045
LATIN CAPITAL LETTER F 0046
LATIN CAPITAL LETTER G 0047
LATIN CAPITAL LETTER H 0048
LATIN CAPITAL LETTER I 0049
LATIN CAPITAL LETTER J 004a
LATIN CAPITAL LETTER K 004b
LATIN CAPITAL LETTER L 004c
LATIN CAPITAL LETTER M 004d
LATIN CAPITAL LETTER N 004e
LATIN CAPITAL LETTER O 004f
LATIN CAPITAL LETTER O WITH DIAERESIS 00d6
LATIN CAPITAL LETTER P 0050
LATIN CAPITAL LETTER R 0052
LATIN CAPITAL LETTER S 0053
LATIN CAPITAL LETTER T 0054
LATIN CAPITAL LETTER U 0055
LATIN CAPITAL LETTER U WITH DIAERESIS 00dc
LATIN CAPITAL LETTER V 0056
LATIN CAPITAL LETTER W 0057
LATIN CAPITAL LETTER Z 005a
LATIN SMALL LETTER A 0061
LATIN SMALL LETTER A WITH DIAERESIS 00e4
LATIN SMALL LETTER B 0062
LATIN SMALL LETTER C 0063
LATIN SMALL LETTER D 0064
LATIN SMALL LETTER E 0065
LATIN SMALL LETTER F 0066
LATIN SMALL LETTER G 0067
LATIN SMALL LETTER H 0068
LATIN SMALL LETTER I 0069
LATIN SMALL LETTER J 006a
LATIN SMALL LETTER K 006b
LATIN SMALL LETTER L 006c
LATIN SMALL LETTER LONG S 017f
LATIN SMALL LETTER M 006d
LATIN SMALL LETTER N 006e
LATIN SMALL LETTER O 006f
LATIN SMALL LETTER O WITH DIAERESIS 00f6
LATIN SMALL LETTER P 0070
LATIN SMALL LETTER Q 0071
LATIN SMALL LETTER R 0072
LATIN SMALL LETTER S 0073
LATIN SMALL LETTER SHARP S 00df
LATIN SMALL LETTER T 0074
LATIN SMALL LETTER U 0075
LATIN SMALL LETTER U WITH DIAERESIS 00fc
LATIN SMALL LETTER V 0076
LATIN SMALL LETTER W 0077
LATIN SMALL LETTER X 0078
LATIN SMALL LETTER Y 0079
LATIN SMALL LETTER Z 007a
LEFT PARENTHESIS 0028
LEFT SQUARE BRACKET 005b
MIDDLE DOT 00b7
QUOTATION MARK 0022
RIGHT PARENTHESIS 0029
RIGHT SINGLE QUOTATION MARK 2019
RIGHT SQUARE BRACKET 005d
SECTION SIGN 00a7
SEMICOLON 003b
SPACE 0020
ὕὴhςῃύἥὖΦφὀUe·ηχCάdΚSᾤ(ο]β:8lbΧHψFNfAἕGBὺαῇsKMᾶZἃ.)Τδἤή1ΣuJμἵἂ;rῷἰᾖ„ᾧὁἢ§2ξὄᾳἁσaἐἔῆöέἀ mVzζυὧἦῖεἈἴὲäώὡἄνὤ=jqΙρ0LvΔ,ωἑΟλᾷſἶ[ntὗWἠῶότogὃypTὅὰOÖÜ9-xwκP75ὸἳπὼ⸗ü’ὢΕὑὦ6ὶιῦßΜDίi"kcἡἱ4RΛἸγὐΥ3ΑᾗῳὔEÄθὠI
there are  191  chars
there are  107  total greek chars
there are  84  other chars
