'133142Ν 8A977Ν6411. 81NINNIS30317 345r1unumstösslicher Richtigkeit sich zweifeln liesse, ohne Beden-Dichters heimgesucht hat. an Sünden alter Abschreiber ver-fälscht. Manche verstecktere Schäden wird die tiefer drin-Pende, für keinerlei Gesichtspunkte stumpfe Exegese, wie sieken Aufnahme gefunden. Hoffentlich wird die Ueberzeugung,die bei mir von Tage zu Tage mehr sich befestigt, bald im-des Sophokles würdig ist, aus Licht stellen und damit diein Hand mit der gewissenhaftesten Hermeneutik kann derKritiker im Sophokles auf Erfolg rechnen: sonst wird er nurdie Unzahl oberflächlicher Einfälle vermehren. Ueberhauptaber wird grössere Sicherheit der Sophokleischen Kritik erstgewonnen werden und das von den bedeutendsten KritikernBerechtigung divinatorischer Kritik erweitern. Aber nur Handlohnende, aber sehr schwere und nach den vorhandenen Col-lationen nicht wohl lösbare Aufgabe. So einfach steht diealler übrigen Handschriften des Aeschylos und Sophokles gilt.Das kann weder für diesen noch für jenen zugegeben werden.AUS DEM VORWORT ZUR ERSTEN AUFLAGE.als dem Hermannschen. Mir lag daran, bei aller gebühren-Textes und desen Schicksale erforscht haben wird. EineSache nicht, wie Cobet meint, dem der Laur. A als Stammvaterder Plan der Sammlung bei dem schwierigsten Dichter nicht.den Achtung vor dem urkundlich Ueberlieferten einen mög-befolgte eklektische Verfahren in seiner Haltlosigkeit hervor-treten, sobald man die wirklich ächten Grundlagen unsersmen getheilt sein. Ein Zuviel wird man mir nicht vorwer–Ob ich darin das Rechte getroffen, darüber werden die Stim-Kritische Bemerkungen gänzlich auszuschliessen, gebotDer Text dieser Ausgabe ist dem Dindorfschen ähnlicherlichst wenig Anstoss gebenden, in der Regel verständlichenText zu liefern. Daher hat manche Emendation, an derenmer allgemeiner sich Geltung verschaffen dass die Erklärungs-künste, mit denen man bisher viele schwierige Stellen desschwendet waren. Der Text auch des Sophokles ist vielmeir, als man vohl glauben mag, aber oft nicht rob ge-mit Strenge darauf ausgegangen auch nicht eine einzige An-Stiche liessen, habe ich nachgeholfen. Uebrigen bin ichkonnte und sollte hier keine vollständige Erklärung gegebenwerden; nur eine den Sinn für das Wesentliche schärfende,tende, dem eigenen Nachdenken den Weg weisende Beihülfedes Dichters Freunde der Alten im Auge gehabt, welche sichsache, war eine gesunde Erklärung des Dichters. Den fleis-unvergleichliche Lexikon Sophocleum sich zu Nutze gemachtdes Dichters zu erleichtern, aus den Augen verlöre. Durchwerden wollen, vom aufmerksamen Lesen der Anmerkungendas feinere  sprachliche und künstlerische Verständniss andeu-wollte ich geben. Dabei habe ich ausser den jüngern LesernFortpflanzung des Falschen vorzubeugen gesucht: wo sie imam Genuss alter Meisterwerke erholen und erfrischen wollen.Es ist Mitschuld der Philologen, dass diese ehrenwertheKlasse von Lesern der Alten täglich mehr zusammenschmilzt.Humanisten heran, so graben wir der klassischen Litteraturkehrt. Ein wesentlicher Theil der Erklärung eines Dichtersbei der mündlichen Erklärung den Umständen nach aus seinenabschrecken. Daher sollte jede, an sich noch so nützlichesuchenden Leser förderte, durchaus verbannt sein. NatürlichZiehen vir auf Gymnasien und Universitäten nicht wiederfand, wo gangbare ähnliche Ausgaben schweigen, und umge-Noten wollte ich jüngere Leser, die in den Dichter eingeweihtwie Sophokles für Leser jeder Bildungsstufe ist die Hinwei-Hülfsmitteln befähigtern Schülern leicht ein Mehreres vor-legen können, Andere Leser mögen andere Ausgaben zu Ratheziehen. Die von mir zuerst eingeführten Lesarten habe ichCommentar voraus. Lexikalische Bemerkungen waren um soenthaltenden kritischen Materials zu geben scheine, der wirdnirgen ohne Bemerkung gelassen,sigen Gebrauch des Lexikons und der Grammatik setzt meindie Wurzeln im Volke ab.fen: wem ich nicht genug des für den Jungling Bildungsstoffweniger nöthig, je fleissiger die neuern Lexikographen dasDie Hauptsache, ja ich darf sagen, mir eine Herzens-un wird man finden, dass ich oft etwas zu bemerkenVORWORThaben. Fand ich indess, dass die gangbarern Handwörter-bücher den Befragenden irreleiten möchten, so habe ich dermerkung zu machen, welche den Zweck, das Verständnisskeinerlei lediglich ein philologisches Zunftinteresse berührendeBemerkung, welche nicht den das Verständniss des Dichterssiast nach langen mühevollen Jahren so weit vorgerückt, dassnächsten Wortverständnisse stehen bleiben. Ist ein Gymna-und den Zusammenhang der Gedanken, den individuellen TonDichter als Beispielsammlung syntaktischer oder metrischertigen, ist ein Hauptzweck der Anmerkungen, während Gestal-mussten dort der mythische Stoff und die seiner künstlerischenlangt, so darf er auf etwas mehr Anspruch machen, als denauch eine dauernde Liebe zu den alten, die ihn zu demschönheiten die volle Aufmerksamkeit. Auf diese im Einzelnentung und Tendenz des Ganzen anschaulich zu machen Auf-gabe der Einleitungen zu den einzelnen Stücken ist. AusserMotive entwickelt werden. Die allgemeine Einleitung kannhinzudeuten und stets den Zusammenhang zu vergegenwär-mag sie mir eigen sein. Eine in streng philologischen Werkensung auf den besondern Charakter der Rede, die Gestaltunggemessenen Beziehungen, endlich die künstlerischen Motivedes Dichters. Unmöglich darf auch nur die Schule bei demer unter verständiger Anleitung zum Sophokles Zutritt er-Quell seiner Bildung zurückzieht, mit ins Leben nimmt. Da-einer übersichtlichen Entwicklung des dantes der Dramenich natürlich erst dann schreiben, wenn ich sämmtliche Stückesung hinzustellen, mag diese von den Vorgängern entlehnt,Gestaltung zu Grunde liegenden sittlichen und dichterischenVorahnung gegeben werden von dem innern Kern tiefsinnigerebenso ausgerarbeitet habe.dem Plane dieser Ausgabe selbst da nicht, wo etwa Gelungenesmit den eigenen Worten der Uhreber gegeben ist. In derEinleitung zum Aias z. B. wird man ein theilweises An-AXSXTuAXSS StiS tten, so wie Polemik gegen andere Ansichten, vertrug sich mitAngelpunkten seiner klassischen Abhandlung zu entschiedenmit Fug und Recht übliche Angabe des von Frühern Geleiste-schliessen an Welcker nicht verkennen, so sehr ich in denandern Ergebnissen gelangt bin: manch gutes Wort in zer-Kunstschöpfungen, damit er ausser Wörtern und PhrasenVIIDie Kürze gebot, in der Regel nur die eigene Auffas-ZUR ERSTEN AUFLAGE.rischen Erklärung die poetischen und rhetorischen Kunst-und die jedesmalige Färbung, die feinen Berechnungen undRegeln oder als Anknüpfungspunkt philologischer Gelehrsam-keit gemissbraucht zu sehen. Mindestens sol ihm dann eineher verlangen neben der gründlichsten sprachlichen und histo-Sophokles I. 2. AufI.1. Als Herakles den Telamon zur Theilnahme am Zugesen gerade bei einen festlichen Gelage. Telamon reichtedem Herakles einen schäumenden Pokal, und dieser betetedes Aiakos, Urenkel des Zeus (389), der ebenbürtige Sohndes gewaltigen Vaters, der ihm als hohes Muster aus demgegen Laomedon (ll. 5, 638 ff.) auffordern wollte, traf er die-zum Zeus, Eriboia möge seinem Gastfreunde einen gewaltigensein möge. Flugs sandte Zeus einen grossen Adler, und He-solle εὐρυβίαν Αἴαντα, λαῶν ἐν πόνοις ἔκπαγλον Ἐνυ-αλίου, Pindar Isthm. 5, 35 ff.der allgemeinen Vorstellung seit Homer für den nächsten derDer ἀντίθεος Τελαμωνιάδης von Salamis (569), EnkelHaupt und Schultern Alle überragt (3, 226 ff. Ai. 205, 1250 f.Sohn gebären, der bleich der ihn umwallenden Haut des Lö-wen von Nemea ἄρρηκτος φυάν werden und löwenmuthigersehnten Sohn schenken, den er nach dem αἰετός nennenπλατὺς καὶ εὐρύνωτος, vgl. 758), hat er, der πύργος Ἀχαιῶν,13, 321 ff. Od. 11, 550. Hektor selbst rühmt Il. 7, 288 seineGleich dem Ares πελώριος genannt (7, 211), da er anΑἶαν, ἐπεί τοι δῶκε θεὸς μέγεθός τε βίην τεκαὶ πινυτήν, περὶ δʼ ἔγχει Ἀγαιῶν φέρτατός ἐσσι —EINLEITUNG ZUM AIAS.Kraft und Klugheit:herakleischen Zuge gegen Troja vorleuchtet (434 ff.), gilt inrakles deutete das Zeichen, Zeus werde dem Telamon denHelden μετʼ ἀμύμονα Πηλείωνα, s. zu Ai. 1341. Il. 2, 768.wählt, ἠνορέῃ πίσυνος καὶ κάρτεϊ χειρῶν, zu Ai. 4. MitLeib und Seele Krieger, kennt dieser Held ohne Furcht undmit Achilleus den gefährlichsten Stand im Schiffslager ge-dem Platze in offener Feldschlacht ausharrend und den Fein-den hartnäckig wehrend, φέρων σάκος ἠύτε πύργον, tritt erstets mit würdevoller Ruhe auf. Bieder und gerade ergreiftzum Ausharren anspornt, obschon er unter den ἄνδρες βου-der jugendlich schöne Achilleus Raschheit (ll. 13, 324) undKörper und gigantische Kraft an das Riesige, die Dichtungenraschende Weise in wesentlichen Punkten, und der tragischewie Achilleus durch Thetisʼ Taufe gefeit war. so ist Aiashervor, weil er nicht zur tragischen Hauptperson des Ge-heit angreifend, noch listige Anschläge ersinnend, als fest aufer selten anders das Wort, als wo er im Kampfe die SeinenPeleus und Telamon als Brüder auf Aegina und Salamis be-an Spiel und Gesang vor ihm voraus, streift Aiasʼ kolossalerund er daher, aller Vollkommenheit ungeachtet, eine schwachestück zu Achilleus' Zorn in Folge der Beleidigung Agamem-von Pindaros besonders verbreiteten Stammsage wurden garDie nachhomerischen Dichter versezten Achileus wie Aiaspochendes Selbstgefühl 7, 196, wo er die Achäer leise zunur dass die Achsel oder Hüfte vom Zauber unberührt bliebStelle am Körper trug, wie Achilleus die Ferse. *) Aiasʼ ZornTadel keinerlei Gefahr: nicht sowohl mit berechnender Kühn-t1rachtet, wesshalb Ai. 645 Aias den Aiakiden beigezählt wird.zu stürzen, da dieses ἐκάμπτετο, bis ein Dämon ihm die verwundbaredurch Umhüllung der herakleischen Löwenhaut unverwundbar.gegen die Atriden nach dem Waffengerichte ist das Seiten-Groll auch in die Unterwelt mit. Nach der äginetischen,auf die lnseln der Seligen oder nach Leuke.dichtes bestimmt ist. Wohl aber verräth sich sein trotzigZeus für seinen Sieg beten heisst, damit die Troer es nichtStelle zeigte, Schol. Ai. 834. Vielleicht geht auch Ai. 834 darauf.Bei Aeschylos versuchte daher Aias vergebens sich in das Schwertληφόροι nicht fehlt: was er spricht, ist kurz und derb, wieStrafbare Ueberhebung des ias tritt in der Ilias nichtEINLEITUNGPindaros ihn ἄγλωσσος μὲν, ἦτορ δʼ ἄλκιμος nennt. HatAnmuth, Milde und Schmeidigkeit seines Wesens und Freudevon beiden Idealen des Heroenthums begegnen sich auf Über-Untertang Beider ruht auf gleichem ethischen Grunde. Gleich-nons in der Ilias: doch nimmt der unversöhnte Aias seinenΦ/M A148.gleichstämmiger Wörter bei denἐρειφθείς, wie ἐν ζυγοῖσι κνώ-ten, vgl. 62 ff.tur feriebat, vgl. 235ff.xVersschluss ganz verwischt ist, stürzten Leichen des Heer-etwva in dem Sinne κακὰ δεννάζων denmords. Ἐν ἐρειπίοιςῥήματα nach 243.nander ῾Ραπιζομένῃ fr. 7 Πόθεν Anschaulichkeit wegen wie Eur.gesprochen.καὶ τὸν μὲν ἧστο πλεῖστον ἄφθογγος χρόνον·συμμιγνύς.τοὺς δʼ ἀμφʼ Ὀδυσσεῖ, συντιθεὶς γέλων πολύν,310 κόμην ἀπρὶξ ὄνυξι συλλαβὼν χερί.ἔμφρων μόλις πως ξὺν χρόνῳ καθίσταται,παίσας κάρα θώυξεν· ἐν δʼ ἐρειπίοιςλόγους ἀνέσπα, τοὺς μὲν Ἀτρειδῶν κάτα,ὅσην κατʼ αὐτῶν ὕβριν ἐκτίσαιτʼ ἰών·νεκρῶν ἐρειφθεὶς ἕζετʼ ἀρνείου φόνου,καὶ τοὺς μὲν ηὐχένίζε, τοὺς δʼ ἄνω τρέπωνἔσφαζε κἀρράχιζε, τοὺς δὲ δεσμίους56302. ἀνασπᾶν mit Prahle- Tragikern beliebt sind.304. ἐκτίσαιτο nicht ἐκτί- die Figur καθ᾽ ὅλον καὶ μέρος, zuτέλος δʼ ὑπάξας διὰ θυρῶν, σκιᾷ τινὶΣΟΦΟΚΛΕΥΣ305 κἄπειτʼ ἐπᾴξας αὖθις ἐς δόμους πάλιν,300 ᾐκίζεθ’, ὥστε φῶτας, ἐν ποίμναις πίτνων.καὶ πλῆρες ἄτης ὡς διοπτεύει στέγος,wäre ἐν ποίμναις πονῶν an 308 f. Beide Genitive ἀρν. φό-Heerdenthieren sich mühend νου und νεκρῶν hängen von ἐν(vgl. 366), wenn nicht der ächte ἐρειπίοις ab, unter den hinge-ΑΙΑΣ.lässt, zu O. C. 868. So hat Aeo-bloss schützen, sondern auch stra-indem es sanfteren Lüften (vergldeu Felde ihrer Thätigkeit, wieμῆς ἠξιωμένοις. - νιφοστι-gegenüber der λευκόπωλος (Aesch.Pers. 378) ἡμέρα. Vgl. El. 19.oder der Windstille Platz macht.ter, Nacht, Sturm. Vgl. O. C.der das seufzende Meer,Gottheiten und göttlich gedachte609 f.non arbiter Hadriae maior, tol-Gewölbe der Nacht, der näch-Stürme beruhigt auch wie-Odyss. 5, 383. Virg. Aen. 5, 763.)674 f. Das Wehen heftiger670. τιμαῖς, ἀρχαῖς, τοῖς· τι-672. νυκτὸς κύκλος, das669 ff. Aias beweist die Noth-668. Ironisch erinnert Aias an661. Vgl. 817 ff.666. Schol. Ἐπιφθόνως ἔφρα-Kräfte schalten unumschränkt auf81665670δεινῶν τʼ ἄημα πνευμάτων ἐκοίμισεwendigkeit, sich den einmal mit derchen Sommer, die unheimliche Nachtzu fügen, dadurch, dass alles Wildeder wüste Winter den fruchtrei-(= καὶ γὰρ καὶ ν Win-αντία.ἠδʼ ὀρνύμεν ὅν κʼ ἐθέλῃσιν, wieHerrscherehre bekleideten AtridenSchönen und Gebietenden sich füge,den lichten Tage, die rauben Stürmeder Meeresstille. Daher καὶ γὰρdem Hellen und Glänzenden, allesGewaltige und Furchtbare denbot des Solon ἀρχῶν ἄκουε καὶΚαὶ σμικρὰ καὶ δίκαια καὶ τἀν-beider Atriden statt des Agamem-δίκαια κἄδικα, vgl. Ant. 63. 666fen, Hypnos 675 packt und los-χειμῶνες ἐκχωροῦσιν εὐκάρπῳ θέρει·λέξιν· ἔδει γὰρ εἰπεῖν θεοὺς μὲνwie 668 ὑπεικτέον. Ironie liegtθησόμεσθα, wie in der Nennungnon, da Menelaos unbefugt. sichτῇ λευκοπώλω φέγγος ἡμέρᾳ φλέγειν·das sprichwörtlich gewordene Ge-ὃν πόλις στήσειε, τοῦδε χρὴ κλύειντοιγὰρ τὸ λοιπὸν εἰσόμεσθα μὲν θεοῖςκαὶ γὰρ τὰ δεινὰ καὶ τὰ καρτερώταταlere seu ponere volt freta. So-σεν, ἐν εἰρωνείᾳ ἀντιστρέψας τὴνσέβειν, εἴκειν δὲ Ἄτρείδαιςauch im Plural εἰσόμεσθα und μα-gern dem Bruder gleichstellte, vgl.842.ἄρχοντές εἰσιν, ὥσθʼ ὑπεικτέον. τί μή;ἐξίσταται δὲ νυκτὸς αἰανῆς κύκλοςπαρʼ Ἕκτορος δώρημα δυςμενεστάτου,ἐχθρῶν ἄδωρα δῶρα κοὐκ ὀνήσιμα.εἴκειν, μαθησόμεσθα δʼ Ἀτρείδας σέβειν.Apollon und Artemis z. B. nichtτιμίαις ὑπείκει· τοῦτο μὲν νιφοστιβεῖςοὔπω τι κεδνὸν ἔσχον Ἀργείων πάρα.ἐγὼ γὰρ ἐξ οὗ χειρὶ τοῦτʼ ἐδεξάμηνἀλλʼ ἔστʼ ἀληθὴς ἡ βροτῶν παροιμία,ΑΙΑΣ.βεῖς, über Schneemassendahin fahrend.jeder besondere Wind in seinerlos Odyss. 10, 21 als ταμίης ἀνέ-μων die Macht, ἠμὲν παυσέμεναιSphäre, z. B. Hor. 1, 3, 15 Nolotige Himmel; αίανῆς, σκοτεινῆς,907. ἠράσθη, vgl. 686. Ant.968. θάν., ὅνπερ ἤθέλεν,ὡ φίλτατʼ Αἴας. ὡ ξίναιμον ὄμμʼ ἐμοί.mer, seinen Feinden Freude,Den Göttern (vgl. 635. 1128)Sinn, sich zu brüsten und des über- 976. ἐπίσκοπον, ἐστοχασμέ-σίγησον. αὐδὴν γὰρ δοκῷ Τεύκρου κλύεινtrieben hatte. Athene hatte ihn jaβοῶντος ἄτης τῆς δ’ ἐπίσκοπον μέλος.aber (und darauf kommt es alleinvgl. 1114. zu Ant. 468. O. C. 1703.0. C. 1339. El. 836. Vgl. Phil. 328.969. ἐγγελᾶν κατά τινοςὕβρις eitel. – Da die Chorverse 978. ἆρ’ ἠμπόληκά σε, habe̓ώ μοί μοι.ἆρʼ ἠμπόληκά σʼ, ὕσπερ ἡ φάτις κρατεῖ;insofern er seinen Wunsch erreichthat.ist er gestorben, insofern erihnen seine Ueberhebung büssenmusste: nicht den Feinden,deren Unrecht ihn nicht dahin ge-Folge welcher er sich tödtete. οὐ970. θεοῖς, θεῶν βουλομένων.da er ihnen dahin ist, ist Odysseusʼ ξότης = ὁ τυγχάνων τοῦ σκοποῦ.θεοῖς τέθνηκεν οὗτος, οὐ κείνοισιν, οἴ.λιπὼν ἀνίας καὶ γόους διοίχεται.Αἴας γὰρ αὐτοῖς οὐκέτʼ ἐστίν· ἀλλʼ ἐμοὶan, das ist die Hauptsache) fürwundenen Gegners zu spotten, jetzt, νον, συνῳδόν, wie ἐπίσκοπος το-πρὸς ταῖτʼ οδυσσεὺς ἐν κενοῖς ὑβριζέτω.ihn selbst ist er eine Lust,τί δῆτα τοίδ’ ἐπεγγελῷεν ἂν κοτᾷς1336.971. ἐν κενοῖς ματαίως, wie0. R. 287 ἐν ἀργοῖς. Vgl. 954 ff.TSVIO 2ἐκτήσαθʼ αὑτῷ, θάνατον, ὅνπερ ἤθελεν.αὑτῷ δὲ τερπνός. ὦν γὰρ ἠράσθη τυχεῖνRV K90 X.2 0 P0 8.ΑΙΑΣ.gehen, für unächt erklärt, Anderelichen Sophistik wohi an: 972. 73lassen.“ Vgl. Trach. 41 πλὴν ἐμοὶ101sponsion in den Iamben ist nichtsind gerade hier von ergreifenderWirkung: „ Ihn selbst ist wohl,missen, sie, die sich seinen Todwiederholt von 925 – 970, So haterforderlich. 9, 969 steht der weib-die Fürsten werden ihn schon ver-nicht zuschreihen dürfen; mir aberhat er schweren Kummer hinter-Wenden und Drehen derselben Ge-975stem bilden, dessen Gliederung inüber die genaue Responsion hinaus-Allein an sich hat das wiederholteund Reden von 879 – 924 ein Sy-haben 969 und 972. 73 verdächtigt.nichts Auffallendes und stregze Re-Gesang und Rede sich ganz gleichSchöll die drei Letzten Verse, welchedanken bei so grossen Schmerze970zu entehrender That verleitet, in– οὔ, O. C. 587.1045 Μενέλαος, ᾧ δὴ τόνδε πλοῦν ἐστείλαμεν.Dienste vergessend, redet, als hätteσόνδʼ ἀνήλωσας λόγον.ἄξειν, weil die ἐλπίς dauerte, als1053. ἄγειν, vgl. 1097. Nicht1051. προθείς, nämlich το-1054. ζητοῦντες, ἐξετάζον-φράζου τὸν ἄνδρα, χὤ τι μυθήσει τάχα.1050 δοκοῦντʼ ἐμοί, δοκοῦντα δʼ ὃς κραίνει στρατοῦ.1040 μὴ τεῖνε μακράν, ἀλλʼ ὅπως κρύψεις τάφῳmessenes, anmassliches Wort.hier, wie sonst bei den Tragikern,ben, ihn zu erproben.tanischen Charakters.Amorg. 1, 3 ἃ δὴ βοτὰ Ἐφημέ-ten in Athen übel berüchtigten spar-466 σοὶ μὲν δοκείτω ταῦτʼ, ἐμοὶ 1050. Bitterer Hohn, wie beistatt ἄτε oder οἷα, wie Simonidesals Abbild des zu Sophoklesʼ Zei-φωνῶ, befehle.ριοι ζῶμεν. Menelaos erscheintδὲ τἀντία.ὁθούνεκʼ αὐτὸν ἐλπίσαντες οἴκοθενAias eben erst Gelegenheit gege-μὴ συγκομίζειν, ἀλλʼ ἐᾶν ὅπως ἔχει.ἄγειν Ἀχαιοῖς ξύμμαχόν τε καὶ φίλον,ἐξεύρομεν ζητοῦντες ἐχθίω Φρυγῶν·τίνος χάριν τοσόνδʼ ἀνήλωσας λόγον;βλέπω γὰρ ἐχθρὸν φῶτα, καὶ τάχʼ ἂν κακοῖςὁρῶ· μαθεῖν γὰρ ἐγγὺς ὢν οὐ δυςπετής.οὗτος, σὲ φωνῶ τόνδε τὸν νεκρὸν χεροῖνοὔκουν ἂν εἴποις, ἥντινʼ αἰτίαν προθείςγελῶν ἃ δὴ κακοῦργος ἐξίκοιτʼ ἀνήρ.τίς δʼ ἐστὶν, ὅντινʼ ἄνδρα προςλεύσσεις στρατοῦ;zu ἐλπίσαντες. Menelaos, früherer1061047. φωνῶ, wie 1089 προ-1049. τοσόνδε, ein so ver-1042. γελᾶν κακοῖς, wie 955.1043. ἃ δή, sintemal, seltenΤΕΥΚΡΟΣ.ΜΕΝΕΛΑΟΣ.ΤΕΥΚΡΟΣ.ΤΕΥΚΡΟΣ.ΤΕΥΚΡΟΣ.sit pro ratione voluntas.ΣΟΦΟΚΛΕΟΥΣΜΕΝΕΛΑΟΣ.ΜΕΝΕΛΑΟΣ.ΧΟΡΟΣ.ΧΟΡΟΣ.Aias dem Zuge sich angeschlossenund vor Troja gekämpft hatte.τες, vgl. zu Phil. 452, GegensatzIuvenalis: Hoc volo, sic iubeoβοῦντες βροτῶν u. ä.)τῶν, wie O. C. 279 ὁ εὐσεβὴς βρο-Lage der Dinge ihnen abfallen. gel-ten den Leuten für unzuverlässig.er doch früher mit ihm gegen Aiasgestanden habe. (Laur. A pr. βρο-nehm werden könne. Vgl. 678 ff.doch eben ihn seinen besten Freundden Vorwurf des Wankelmuths, da1359. Odysseus, dadurch ver-1360 τοιούςδʼ ἐπαινεῖς δῆτα σὺ κτᾶσθαι φίλους;1355 ὃδʼ ἐχθρὸς ἁνὴρ, ἀλλὰ γενναῖός ποτʼ ἦν.τῶν, sonst οἰ τοιοίδε, οἱ δυςσε-verringert nichts an deiner Herr-scherwürde.“ – νικώμενος,ἥσσων ὤν.die, welche es gut mit dir meinen,ἐστιν. – πολύ, nicht πλέον, weitOd. den Spruch 1345 zurück.σων τῆς ἔχθρας ἐμοὶ ἡ ἀρετήim Begriffe des Verbi νικᾶν, wieeine Vergleichung liegt. Vgl. 1353ter allen Umständen ihren Freun-letzt, giebt zu, es komme aller-in βούλομαι, λυσιτελεῖ u. ä., selbstund Phil. 1100.den beitreten, sondern nach derτοιοίδε μέντοι φῶτες ἔμπληκτοι βροτοῖς.κλύειν τὸν ἐσθλὸν ἄνδρα χρὴ τῶν ἐν τέλει.μέμνησʼ ὁποίῳ φωτὶ τὴν χάριν δίδως.ἦ κάρτα πολλοὶ νῦν φίλοι, καὖθις πικροί.τί ποτε ποιήσεις; ἐχθρὸν ὧδʼ αἰδεῖ νέκυν;σκληρὰν ἐπαινεῖν οὐ φιλῶ ψυχὴν ἐγώ.παῖσαι· κρατεῖς τοι, τῶν φίλων νικώμενος.Vielleicht will Od. sagen, Agamem-νικᾷ γὰρ ἁρετή με τῆς ἔχθρας πολύ.ἀλλʼ εὖ λέγουσι τοῖς φίλοις τιμὰς νέμειν.1261357. νικᾷ κτλ., πολὺ κρείσ-1352. τὸν ἐσθλόν giebt dem1353. ,, Ein Nachgeben gegen1358. τοιοίδε, die nicht un-0ΔΥΣΣΕΥΣ.0ΔΥΣΣΕΥΣ.ΑΓΑΜΕΜΝΩΝ.non selbst werde jetzt bitter, der0ΔΥΣΣΕΥΣ.ΑΓΑΜΕΜΝΩΝ.ΑΓΑΜΕΜΝΩΝ.ΑΓΑΜΕΜΝΩΝ.ΑΓΑΜΕΜΝΩΝ.ΣΟΦΟΚΛΕΟΥΣ0ΔΥΣΣΕΥΣ.0ΔΥΣΣΕΥΣ.0ΔΥΣΣΕΥΣ.Agamemnon macht dem Odysseusdings vor, dass man bald freund-lich sein, bald bitter und unange-genannt.'
total chars: 20051
total greek: 4481
total common punct: 3833
uniquely greek + punct: 8314
portion def. not Greek, 0.5853573387860954
132
{'–', 'B', '·', 'Χ', '7', '͂', '8', 'Π', 't', '6', 'τ', ':', 'u', 'w', '=', '0', 'φ', '’', 'ι', 'M', 'h', 'ξ', '—', 'Ν', 'Z', 'β', 'p', '̈', 'R', 'Ε', 'Μ', 'ο', 'v', 'd', '́', 'K', 'ψ', '1', 'κ', 'L', 'N', 'G', '2', ' ', 'χ', 'υ', '/', 'μ', 'f', '-', 'π', 'ρ', '\xa0', '̀', 'α', 'i', 'ε', '᾽', '3', 'r', '5', 'I', 'Ω', '„', 'm', 'b', 'Κ', 'F', 'n', 'W', 'T', 'a', '̓', 'Δ', '.', 'g', '“', 'c', 'ς', '̔', 'ζ', 'x', ';', 'ͅ', ')', 'U', 'Φ', 'C', "'", '4', 'σ', '(', 'l', 'V', 'H', 'ν', 'D', '*', 'j', 'o', 'Α', 'A', 'X', '῾', 'e', 'O', 'λ', 'Λ', 'δ', 's', 'γ', '9', 'k', 'ω', 'P', 'Υ', 'J', 'y', 'ʼ', 'E', 'Ρ', 'η', 'Σ', 'z', 'Ι', 'Γ', ',', 'θ', 'Q', 'Τ', 'Ο', 'S'}
–
EN DASH
	 this is not a greek char
B
LATIN CAPITAL LETTER B
	 this is not a greek char
·
MIDDLE DOT
Χ
GREEK CAPITAL LETTER CHI
7
DIGIT SEVEN
͂
COMBINING GREEK PERISPOMENI
8
DIGIT EIGHT
Π
GREEK CAPITAL LETTER PI
t
LATIN SMALL LETTER T
	 this is not a greek char
6
DIGIT SIX
τ
GREEK SMALL LETTER TAU
:
COLON
u
LATIN SMALL LETTER U
	 this is not a greek char
w
LATIN SMALL LETTER W
	 this is not a greek char
=
EQUALS SIGN
	 this is not a greek char
0
DIGIT ZERO
φ
GREEK SMALL LETTER PHI
’
RIGHT SINGLE QUOTATION MARK
	 this is not a greek char
ι
GREEK SMALL LETTER IOTA
M
LATIN CAPITAL LETTER M
	 this is not a greek char
h
LATIN SMALL LETTER H
	 this is not a greek char
ξ
GREEK SMALL LETTER XI
—
EM DASH
	 this is not a greek char
Ν
GREEK CAPITAL LETTER NU
Z
LATIN CAPITAL LETTER Z
	 this is not a greek char
β
GREEK SMALL LETTER BETA
p
LATIN SMALL LETTER P
	 this is not a greek char
̈
COMBINING DIAERESIS
R
LATIN CAPITAL LETTER R
	 this is not a greek char
Ε
GREEK CAPITAL LETTER EPSILON
Μ
GREEK CAPITAL LETTER MU
ο
GREEK SMALL LETTER OMICRON
v
LATIN SMALL LETTER V
	 this is not a greek char
d
LATIN SMALL LETTER D
	 this is not a greek char
́
COMBINING ACUTE ACCENT
K
LATIN CAPITAL LETTER K
	 this is not a greek char
ψ
GREEK SMALL LETTER PSI
1
DIGIT ONE
κ
GREEK SMALL LETTER KAPPA
L
LATIN CAPITAL LETTER L
	 this is not a greek char
N
LATIN CAPITAL LETTER N
	 this is not a greek char
G
LATIN CAPITAL LETTER G
	 this is not a greek char
2
DIGIT TWO
 
SPACE
χ
GREEK SMALL LETTER CHI
υ
GREEK SMALL LETTER UPSILON
/
SOLIDUS
	 this is not a greek char
μ
GREEK SMALL LETTER MU
f
LATIN SMALL LETTER F
	 this is not a greek char
-
HYPHEN-MINUS
π
GREEK SMALL LETTER PI
ρ
GREEK SMALL LETTER RHO
 
NO-BREAK SPACE
	 this is not a greek char
̀
COMBINING GRAVE ACCENT
α
GREEK SMALL LETTER ALPHA
i
LATIN SMALL LETTER I
	 this is not a greek char
ε
GREEK SMALL LETTER EPSILON
᾽
GREEK KORONIS
3
DIGIT THREE
r
LATIN SMALL LETTER R
	 this is not a greek char
5
DIGIT FIVE
I
LATIN CAPITAL LETTER I
	 this is not a greek char
Ω
GREEK CAPITAL LETTER OMEGA
„
DOUBLE LOW-9 QUOTATION MARK
	 this is not a greek char
m
LATIN SMALL LETTER M
	 this is not a greek char
b
LATIN SMALL LETTER B
	 this is not a greek char
Κ
GREEK CAPITAL LETTER KAPPA
F
LATIN CAPITAL LETTER F
	 this is not a greek char
n
LATIN SMALL LETTER N
	 this is not a greek char
W
LATIN CAPITAL LETTER W
	 this is not a greek char
T
LATIN CAPITAL LETTER T
	 this is not a greek char
a
LATIN SMALL LETTER A
	 this is not a greek char
̓
COMBINING COMMA ABOVE
Δ
GREEK CAPITAL LETTER DELTA
.
FULL STOP
g
LATIN SMALL LETTER G
	 this is not a greek char
“
LEFT DOUBLE QUOTATION MARK
	 this is not a greek char
c
LATIN SMALL LETTER C
	 this is not a greek char
ς
GREEK SMALL LETTER FINAL SIGMA
̔
COMBINING REVERSED COMMA ABOVE
ζ
GREEK SMALL LETTER ZETA
x
LATIN SMALL LETTER X
	 this is not a greek char
;
SEMICOLON
ͅ
COMBINING GREEK YPOGEGRAMMENI
)
RIGHT PARENTHESIS
U
LATIN CAPITAL LETTER U
	 this is not a greek char
Φ
GREEK CAPITAL LETTER PHI
C
LATIN CAPITAL LETTER C
	 this is not a greek char
'
APOSTROPHE
4
DIGIT FOUR
σ
GREEK SMALL LETTER SIGMA
(
LEFT PARENTHESIS
l
LATIN SMALL LETTER L
	 this is not a greek char
V
LATIN CAPITAL LETTER V
	 this is not a greek char
H
LATIN CAPITAL LETTER H
	 this is not a greek char
ν
GREEK SMALL LETTER NU
D
LATIN CAPITAL LETTER D
	 this is not a greek char
*
ASTERISK
	 this is not a greek char
j
LATIN SMALL LETTER J
	 this is not a greek char
o
LATIN SMALL LETTER O
	 this is not a greek char
Α
GREEK CAPITAL LETTER ALPHA
A
LATIN CAPITAL LETTER A
	 this is not a greek char
X
LATIN CAPITAL LETTER X
	 this is not a greek char
῾
GREEK DASIA
e
LATIN SMALL LETTER E
	 this is not a greek char
O
LATIN CAPITAL LETTER O
	 this is not a greek char
λ
GREEK SMALL LETTER LAMDA
Λ
GREEK CAPITAL LETTER LAMDA
δ
GREEK SMALL LETTER DELTA
s
LATIN SMALL LETTER S
	 this is not a greek char
γ
GREEK SMALL LETTER GAMMA
9
DIGIT NINE
k
LATIN SMALL LETTER K
	 this is not a greek char
ω
GREEK SMALL LETTER OMEGA
P
LATIN CAPITAL LETTER P
	 this is not a greek char
Υ
GREEK CAPITAL LETTER UPSILON
J
LATIN CAPITAL LETTER J
	 this is not a greek char
y
LATIN SMALL LETTER Y
	 this is not a greek char
ʼ
MODIFIER LETTER APOSTROPHE
E
LATIN CAPITAL LETTER E
	 this is not a greek char
Ρ
GREEK CAPITAL LETTER RHO
η
GREEK SMALL LETTER ETA
Σ
GREEK CAPITAL LETTER SIGMA
z
LATIN SMALL LETTER Z
	 this is not a greek char
Ι
GREEK CAPITAL LETTER IOTA
Γ
GREEK CAPITAL LETTER GAMMA
,
COMMA
θ
GREEK SMALL LETTER THETA
Q
LATIN CAPITAL LETTER Q
	 this is not a greek char
Τ
GREEK CAPITAL LETTER TAU
Ο
GREEK CAPITAL LETTER OMICRON
S
LATIN CAPITAL LETTER S
	 this is not a greek char
APOSTROPHE 0027
ASTERISK 002a
COLON 003a
COMBINING ACUTE ACCENT 0301
COMBINING COMMA ABOVE 0313
COMBINING DIAERESIS 0308
COMBINING GRAVE ACCENT 0300
COMBINING GREEK PERISPOMENI 0342
COMBINING GREEK YPOGEGRAMMENI 0345
COMBINING REVERSED COMMA ABOVE 0314
COMMA 002c
DIGIT EIGHT 0038
DIGIT FIVE 0035
DIGIT FOUR 0034
DIGIT NINE 0039
DIGIT ONE 0031
DIGIT SEVEN 0037
DIGIT SIX 0036
DIGIT THREE 0033
DIGIT TWO 0032
DIGIT ZERO 0030
DOUBLE LOW-9 QUOTATION MARK 201e
EM DASH 2014
EN DASH 2013
EQUALS SIGN 003d
FULL STOP 002e
GREEK CAPITAL LETTER ALPHA 0391
GREEK CAPITAL LETTER CHI 03a7
GREEK CAPITAL LETTER DELTA 0394
GREEK CAPITAL LETTER EPSILON 0395
GREEK CAPITAL LETTER GAMMA 0393
GREEK CAPITAL LETTER IOTA 0399
GREEK CAPITAL LETTER KAPPA 039a
GREEK CAPITAL LETTER LAMDA 039b
GREEK CAPITAL LETTER MU 039c
GREEK CAPITAL LETTER NU 039d
GREEK CAPITAL LETTER OMEGA 03a9
GREEK CAPITAL LETTER OMICRON 039f
GREEK CAPITAL LETTER PHI 03a6
GREEK CAPITAL LETTER PI 03a0
GREEK CAPITAL LETTER RHO 03a1
GREEK CAPITAL LETTER SIGMA 03a3
GREEK CAPITAL LETTER TAU 03a4
GREEK CAPITAL LETTER UPSILON 03a5
GREEK DASIA 1ffe
GREEK KORONIS 1fbd
GREEK SMALL LETTER ALPHA 03b1
GREEK SMALL LETTER BETA 03b2
GREEK SMALL LETTER CHI 03c7
GREEK SMALL LETTER DELTA 03b4
GREEK SMALL LETTER EPSILON 03b5
GREEK SMALL LETTER ETA 03b7
GREEK SMALL LETTER FINAL SIGMA 03c2
GREEK SMALL LETTER GAMMA 03b3
GREEK SMALL LETTER IOTA 03b9
GREEK SMALL LETTER KAPPA 03ba
GREEK SMALL LETTER LAMDA 03bb
GREEK SMALL LETTER MU 03bc
GREEK SMALL LETTER NU 03bd
GREEK SMALL LETTER OMEGA 03c9
GREEK SMALL LETTER OMICRON 03bf
GREEK SMALL LETTER PHI 03c6
GREEK SMALL LETTER PI 03c0
GREEK SMALL LETTER PSI 03c8
GREEK SMALL LETTER RHO 03c1
GREEK SMALL LETTER SIGMA 03c3
GREEK SMALL LETTER TAU 03c4
GREEK SMALL LETTER THETA 03b8
GREEK SMALL LETTER UPSILON 03c5
GREEK SMALL LETTER XI 03be
GREEK SMALL LETTER ZETA 03b6
HYPHEN-MINUS 002d
LATIN CAPITAL LETTER A 0041
LATIN CAPITAL LETTER B 0042
LATIN CAPITAL LETTER C 0043
LATIN CAPITAL LETTER D 0044
LATIN CAPITAL LETTER E 0045
LATIN CAPITAL LETTER F 0046
LATIN CAPITAL LETTER G 0047
LATIN CAPITAL LETTER H 0048
LATIN CAPITAL LETTER I 0049
LATIN CAPITAL LETTER J 004a
LATIN CAPITAL LETTER K 004b
LATIN CAPITAL LETTER L 004c
LATIN CAPITAL LETTER M 004d
LATIN CAPITAL LETTER N 004e
LATIN CAPITAL LETTER O 004f
LATIN CAPITAL LETTER P 0050
LATIN CAPITAL LETTER Q 0051
LATIN CAPITAL LETTER R 0052
LATIN CAPITAL LETTER S 0053
LATIN CAPITAL LETTER T 0054
LATIN CAPITAL LETTER U 0055
LATIN CAPITAL LETTER V 0056
LATIN CAPITAL LETTER W 0057
LATIN CAPITAL LETTER X 0058
LATIN CAPITAL LETTER Z 005a
LATIN SMALL LETTER A 0061
LATIN SMALL LETTER B 0062
LATIN SMALL LETTER C 0063
LATIN SMALL LETTER D 0064
LATIN SMALL LETTER E 0065
LATIN SMALL LETTER F 0066
LATIN SMALL LETTER G 0067
LATIN SMALL LETTER H 0068
LATIN SMALL LETTER I 0069
LATIN SMALL LETTER J 006a
LATIN SMALL LETTER K 006b
LATIN SMALL LETTER L 006c
LATIN SMALL LETTER M 006d
LATIN SMALL LETTER N 006e
LATIN SMALL LETTER O 006f
LATIN SMALL LETTER P 0070
LATIN SMALL LETTER R 0072
LATIN SMALL LETTER S 0073
LATIN SMALL LETTER T 0074
LATIN SMALL LETTER U 0075
LATIN SMALL LETTER V 0076
LATIN SMALL LETTER W 0077
LATIN SMALL LETTER X 0078
LATIN SMALL LETTER Y 0079
LATIN SMALL LETTER Z 007a
LEFT DOUBLE QUOTATION MARK 201c
LEFT PARENTHESIS 0028
MIDDLE DOT 00b7
MODIFIER LETTER APOSTROPHE 02bc
NO-BREAK SPACE 00a0
RIGHT PARENTHESIS 0029
RIGHT SINGLE QUOTATION MARK 2019
SEMICOLON 003b
SOLIDUS 002f
SPACE 0020
–B·Χ7͂8Πt6τ:uw=0φ’ιMhξ—ΝZβp̈RΕΜοvd́Kψ1κLNG2 χυ/μf-πρ ̀αiε᾽3r5IΩ„mbΚFnWTa̓Δ.g“cς̔ζx;ͅ)UΦC'4σ(lVHνD*joΑAX῾eOλΛδsγ9kωPΥJyʼEΡηΣzΙΓ,θQΤΟS
there are  132  chars
there are  52  total greek chars
there are  80  other chars
